{"meta": {"format": 3, "version": "7.13.5", "timestamp": "2026-06-03T16:54:52.140002", "branch_coverage": false, "show_contexts": false}, "files": {"graph\\__init__.py": {"executed_lines": [], "summary": {"covered_lines": 0, "num_statements": 0, "percent_covered": 100.0, "percent_covered_display": "100", "missing_lines": 0, "excluded_lines": 0, "percent_statements_covered": 100.0, "percent_statements_covered_display": "100"}, "missing_lines": [], "excluded_lines": [], "functions": {"": {"executed_lines": [], "summary": {"covered_lines": 0, "num_statements": 0, "percent_covered": 100.0, "percent_covered_display": "100", "missing_lines": 0, "excluded_lines": 0, "percent_statements_covered": 100.0, "percent_statements_covered_display": "100"}, "missing_lines": [], "excluded_lines": [], "start_line": 1}}, "classes": {"": {"executed_lines": [], "summary": {"covered_lines": 0, "num_statements": 0, "percent_covered": 100.0, "percent_covered_display": "100", "missing_lines": 0, "excluded_lines": 0, "percent_statements_covered": 100.0, "percent_statements_covered_display": "100"}, "missing_lines": [], "excluded_lines": [], "start_line": 1}}}, "graph\\builder.py": {"executed_lines": [8, 9, 10, 11, 12, 13, 14, 16, 18, 20, 22, 25, 73, 88, 90, 91, 93, 98, 101, 103, 106, 107, 109, 110, 112, 113, 115, 119, 122, 143, 168], "summary": {"covered_lines": 31, "num_statements": 50, "percent_covered": 62.0, "percent_covered_display": "62", "missing_lines": 19, "excluded_lines": 0, "percent_statements_covered": 62.0, "percent_statements_covered_display": "62"}, "missing_lines": [40, 41, 43, 44, 45, 64, 66, 70, 99, 131, 144, 146, 149, 153, 158, 160, 161, 162, 169], "excluded_lines": [], "functions": {"load_raw_edges": {"executed_lines": [], "summary": {"covered_lines": 0, "num_statements": 8, "percent_covered": 0.0, "percent_covered_display": "0", "missing_lines": 8, "excluded_lines": 0, "percent_statements_covered": 0.0, "percent_statements_covered_display": "0"}, "missing_lines": [40, 41, 43, 44, 45, 64, 66, 70], "excluded_lines": [], "start_line": 25}, "build_graph": {"executed_lines": [88, 90, 91, 93, 98, 101, 103, 106, 107, 109, 110, 112, 113, 115, 119], "summary": {"covered_lines": 15, "num_statements": 16, "percent_covered": 93.75, "percent_covered_display": "94", "missing_lines": 1, "excluded_lines": 0, "percent_statements_covered": 93.75, "percent_statements_covered_display": "94"}, "missing_lines": [99], "excluded_lines": [], "start_line": 73}, "graph_to_adjacency": {"executed_lines": [], "summary": {"covered_lines": 0, "num_statements": 1, "percent_covered": 0.0, "percent_covered_display": "0", "missing_lines": 1, "excluded_lines": 0, "percent_statements_covered": 0.0, "percent_statements_covered_display": "0"}, "missing_lines": [131], "excluded_lines": [], "start_line": 122}, "main": {"executed_lines": [], "summary": {"covered_lines": 0, "num_statements": 8, "percent_covered": 0.0, "percent_covered_display": "0", "missing_lines": 8, "excluded_lines": 0, "percent_statements_covered": 0.0, "percent_statements_covered_display": "0"}, "missing_lines": [144, 146, 149, 153, 158, 160, 161, 162], "excluded_lines": [], "start_line": 143}, "": {"executed_lines": [8, 9, 10, 11, 12, 13, 14, 16, 18, 20, 22, 25, 73, 122, 143, 168], "summary": {"covered_lines": 16, "num_statements": 17, "percent_covered": 94.11764705882354, "percent_covered_display": "94", "missing_lines": 1, "excluded_lines": 0, "percent_statements_covered": 94.11764705882354, "percent_statements_covered_display": "94"}, "missing_lines": [169], "excluded_lines": [], "start_line": 1}}, "classes": {"": {"executed_lines": [8, 9, 10, 11, 12, 13, 14, 16, 18, 20, 22, 25, 73, 88, 90, 91, 93, 98, 101, 103, 106, 107, 109, 110, 112, 113, 115, 119, 122, 143, 168], "summary": {"covered_lines": 31, "num_statements": 50, "percent_covered": 62.0, "percent_covered_display": "62", "missing_lines": 19, "excluded_lines": 0, "percent_statements_covered": 62.0, "percent_statements_covered_display": "62"}, "missing_lines": [40, 41, 43, 44, 45, 64, 66, 70, 99, 131, 144, 146, 149, 153, 158, 160, 161, 162, 169], "excluded_lines": [], "start_line": 1}}}, "graph\\compliance.py": {"executed_lines": [], "summary": {"covered_lines": 0, "num_statements": 132, "percent_covered": 0.0, "percent_covered_display": "0", "missing_lines": 132, "excluded_lines": 0, "percent_statements_covered": 0.0, "percent_statements_covered_display": "0"}, "missing_lines": [11, 13, 14, 15, 17, 21, 22, 23, 27, 104, 109, 111, 112, 113, 114, 115, 120, 122, 133, 135, 136, 137, 138, 139, 140, 141, 147, 152, 154, 155, 157, 162, 163, 164, 165, 169, 170, 172, 181, 187, 189, 190, 191, 199, 206, 208, 211, 219, 220, 221, 229, 230, 231, 237, 242, 243, 244, 246, 260, 261, 262, 266, 267, 270, 271, 272, 284, 287, 288, 289, 298, 301, 302, 303, 312, 315, 316, 317, 318, 327, 328, 329, 332, 333, 334, 335, 344, 345, 346, 349, 350, 351, 352, 361, 362, 363, 369, 380, 381, 385, 386, 387, 389, 391, 392, 396, 404, 406, 419, 425, 426, 427, 428, 430, 438, 445, 518, 521, 522, 523, 524, 533, 534, 535, 538, 539, 540, 541, 550, 551, 555, 556], "excluded_lines": [], "functions": {"build_data_audit": {"executed_lines": [], "summary": {"covered_lines": 0, "num_statements": 8, "percent_covered": 0.0, "percent_covered_display": "0", "missing_lines": 8, "excluded_lines": 0, "percent_statements_covered": 0.0, "percent_statements_covered_display": "0"}, "missing_lines": [109, 111, 112, 113, 114, 115, 120, 122], "excluded_lines": [], "start_line": 104}, "_count_table": {"executed_lines": [], "summary": {"covered_lines": 0, "num_statements": 7, "percent_covered": 0.0, "percent_covered_display": "0", "missing_lines": 7, "excluded_lines": 0, "percent_statements_covered": 0.0, "percent_statements_covered_display": "0"}, "missing_lines": [135, 136, 137, 138, 139, 140, 141], "excluded_lines": [], "start_line": 133}, "run_retention_purge": {"executed_lines": [], "summary": {"covered_lines": 0, "num_statements": 19, "percent_covered": 0.0, "percent_covered_display": "0", "missing_lines": 19, "excluded_lines": 0, "percent_statements_covered": 0.0, "percent_statements_covered_display": "0"}, "missing_lines": [152, 154, 155, 157, 162, 163, 164, 165, 169, 170, 172, 181, 187, 189, 190, 191, 199, 206, 208], "excluded_lines": [], "start_line": 147}, "_record_purge": {"executed_lines": [], "summary": {"covered_lines": 0, "num_statements": 6, "percent_covered": 0.0, "percent_covered_display": "0", "missing_lines": 6, "excluded_lines": 0, "percent_statements_covered": 0.0, "percent_statements_covered_display": "0"}, "missing_lines": [219, 220, 221, 229, 230, 231], "excluded_lines": [], "start_line": 211}, "export_employee_data": {"executed_lines": [], "summary": {"covered_lines": 0, "num_statements": 4, "percent_covered": 0.0, "percent_covered_display": "0", "missing_lines": 4, "excluded_lines": 0, "percent_statements_covered": 0.0, "percent_statements_covered_display": "0"}, "missing_lines": [242, 243, 244, 246], "excluded_lines": [], "start_line": 237}, "_fetch_employee_record": {"executed_lines": [], "summary": {"covered_lines": 0, "num_statements": 4, "percent_covered": 0.0, "percent_covered_display": "0", "missing_lines": 4, "excluded_lines": 0, "percent_statements_covered": 0.0, "percent_statements_covered_display": "0"}, "missing_lines": [261, 262, 266, 267], "excluded_lines": [], "start_line": 260}, "_fetch_employee_raw_events": {"executed_lines": [], "summary": {"covered_lines": 0, "num_statements": 3, "percent_covered": 0.0, "percent_covered_display": "0", "missing_lines": 3, "excluded_lines": 0, "percent_statements_covered": 0.0, "percent_statements_covered_display": "0"}, "missing_lines": [271, 272, 284], "excluded_lines": [], "start_line": 270}, "_fetch_employee_graph_snapshots": {"executed_lines": [], "summary": {"covered_lines": 0, "num_statements": 3, "percent_covered": 0.0, "percent_covered_display": "0", "missing_lines": 3, "excluded_lines": 0, "percent_statements_covered": 0.0, "percent_statements_covered_display": "0"}, "missing_lines": [288, 289, 298], "excluded_lines": [], "start_line": 287}, "_fetch_employee_risk_scores_export": {"executed_lines": [], "summary": {"covered_lines": 0, "num_statements": 3, "percent_covered": 0.0, "percent_covered_display": "0", "missing_lines": 3, "excluded_lines": 0, "percent_statements_covered": 0.0, "percent_statements_covered_display": "0"}, "missing_lines": [302, 303, 312], "excluded_lines": [], "start_line": 301}, "_fetch_employee_churn_scores_export": {"executed_lines": [], "summary": {"covered_lines": 0, "num_statements": 6, "percent_covered": 0.0, "percent_covered_display": "0", "missing_lines": 6, "excluded_lines": 0, "percent_statements_covered": 0.0, "percent_statements_covered_display": "0"}, "missing_lines": [316, 317, 318, 327, 328, 329], "excluded_lines": [], "start_line": 315}, "_fetch_employee_knowledge_export": {"executed_lines": [], "summary": {"covered_lines": 0, "num_statements": 6, "percent_covered": 0.0, "percent_covered_display": "0", "missing_lines": 6, "excluded_lines": 0, "percent_statements_covered": 0.0, "percent_statements_covered_display": "0"}, "missing_lines": [333, 334, 335, 344, 345, 346], "excluded_lines": [], "start_line": 332}, "_fetch_consent_audit_log": {"executed_lines": [], "summary": {"covered_lines": 0, "num_statements": 6, "percent_covered": 0.0, "percent_covered_display": "0", "missing_lines": 6, "excluded_lines": 0, "percent_statements_covered": 0.0, "percent_statements_covered_display": "0"}, "missing_lines": [350, 351, 352, 361, 362, 363], "excluded_lines": [], "start_line": 349}, "update_consent": {"executed_lines": [], "summary": {"covered_lines": 0, "num_statements": 11, "percent_covered": 0.0, "percent_covered_display": "0", "missing_lines": 11, "excluded_lines": 0, "percent_statements_covered": 0.0, "percent_statements_covered_display": "0"}, "missing_lines": [380, 381, 385, 386, 387, 389, 391, 392, 396, 404, 406], "excluded_lines": [], "start_line": 369}, "generate_html_report": {"executed_lines": [], "summary": {"covered_lines": 0, "num_statements": 8, "percent_covered": 0.0, "percent_covered_display": "0", "missing_lines": 8, "excluded_lines": 0, "percent_statements_covered": 0.0, "percent_statements_covered_display": "0"}, "missing_lines": [425, 426, 427, 428, 430, 438, 445, 518], "excluded_lines": [], "start_line": 419}, "_fetch_recent_purges": {"executed_lines": [], "summary": {"covered_lines": 0, "num_statements": 6, "percent_covered": 0.0, "percent_covered_display": "0", "missing_lines": 6, "excluded_lines": 0, "percent_statements_covered": 0.0, "percent_statements_covered_display": "0"}, "missing_lines": [522, 523, 524, 533, 534, 535], "excluded_lines": [], "start_line": 521}, "_fetch_consent_stats": {"executed_lines": [], "summary": {"covered_lines": 0, "num_statements": 7, "percent_covered": 0.0, "percent_covered_display": "0", "missing_lines": 7, "excluded_lines": 0, "percent_statements_covered": 0.0, "percent_statements_covered_display": "0"}, "missing_lines": [539, 540, 541, 550, 551, 555, 556], "excluded_lines": [], "start_line": 538}, "": {"executed_lines": [], "summary": {"covered_lines": 0, "num_statements": 25, "percent_covered": 0.0, "percent_covered_display": "0", "missing_lines": 25, "excluded_lines": 0, "percent_statements_covered": 0.0, "percent_statements_covered_display": "0"}, "missing_lines": [11, 13, 14, 15, 17, 21, 22, 23, 27, 104, 133, 147, 211, 237, 260, 270, 287, 301, 315, 332, 349, 369, 419, 521, 538], "excluded_lines": [], "start_line": 1}}, "classes": {"": {"executed_lines": [], "summary": {"covered_lines": 0, "num_statements": 132, "percent_covered": 0.0, "percent_covered_display": "0", "missing_lines": 132, "excluded_lines": 0, "percent_statements_covered": 0.0, "percent_statements_covered_display": "0"}, "missing_lines": [11, 13, 14, 15, 17, 21, 22, 23, 27, 104, 109, 111, 112, 113, 114, 115, 120, 122, 133, 135, 136, 137, 138, 139, 140, 141, 147, 152, 154, 155, 157, 162, 163, 164, 165, 169, 170, 172, 181, 187, 189, 190, 191, 199, 206, 208, 211, 219, 220, 221, 229, 230, 231, 237, 242, 243, 244, 246, 260, 261, 262, 266, 267, 270, 271, 272, 284, 287, 288, 289, 298, 301, 302, 303, 312, 315, 316, 317, 318, 327, 328, 329, 332, 333, 334, 335, 344, 345, 346, 349, 350, 351, 352, 361, 362, 363, 369, 380, 381, 385, 386, 387, 389, 391, 392, 396, 404, 406, 419, 425, 426, 427, 428, 430, 438, 445, 518, 521, 522, 523, 524, 533, 534, 535, 538, 539, 540, 541, 550, 551, 555, 556], "excluded_lines": [], "start_line": 1}}}, "graph\\knowledge_risk.py": {"executed_lines": [36, 38, 39, 40, 41, 42, 43, 45, 47, 51, 52, 53, 54, 60, 73, 74, 75, 76, 78, 79, 80, 81, 82, 85, 104, 105, 107, 110, 111, 112, 113, 115, 116, 117, 118, 119, 120, 121, 122, 123, 128, 129, 131, 132, 133, 135, 136, 137, 138, 139, 141, 142, 143, 145, 153, 155, 158, 161, 163, 172, 175, 190, 191, 204, 242, 261, 364, 395], "summary": {"covered_lines": 68, "num_statements": 127, "percent_covered": 53.54330708661417, "percent_covered_display": "54", "missing_lines": 59, "excluded_lines": 0, "percent_statements_covered": 53.54330708661417, "percent_statements_covered_display": "54"}, "missing_lines": [211, 213, 221, 222, 223, 226, 235, 236, 237, 239, 244, 245, 258, 279, 281, 282, 283, 287, 289, 290, 291, 293, 295, 296, 297, 298, 306, 322, 323, 324, 327, 338, 356, 357, 361, 371, 372, 374, 375, 392, 403, 404, 423, 425, 426, 428, 431, 432, 435, 436, 447, 449, 450, 451, 452, 457, 458, 463, 465], "excluded_lines": [], "functions": {"compute_sole_experts": {"executed_lines": [73, 74, 75, 76, 78, 79, 80, 81, 82], "summary": {"covered_lines": 9, "num_statements": 9, "percent_covered": 100.0, "percent_covered_display": "100", "missing_lines": 0, "excluded_lines": 0, "percent_statements_covered": 100.0, "percent_statements_covered_display": "100"}, "missing_lines": [], "excluded_lines": [], "start_line": 60}, "compute_knowledge_scores_from_contributions": {"executed_lines": [104, 105, 107, 110, 111, 112, 113, 115, 116, 117, 118, 119, 120, 121, 122, 123, 128, 129, 131, 132, 133, 135, 136, 137, 138, 139, 141, 142, 143, 145, 153, 155, 158, 161, 163, 172], "summary": {"covered_lines": 36, "num_statements": 36, "percent_covered": 100.0, "percent_covered_display": "100", "missing_lines": 0, "excluded_lines": 0, "percent_statements_covered": 100.0, "percent_statements_covered_display": "100"}, "missing_lines": [], "excluded_lines": [], "start_line": 85}, "merge_with_graph_spof": {"executed_lines": [190, 191], "summary": {"covered_lines": 2, "num_statements": 2, "percent_covered": 100.0, "percent_covered_display": "100", "missing_lines": 0, "excluded_lines": 0, "percent_statements_covered": 100.0, "percent_statements_covered_display": "100"}, "missing_lines": [], "excluded_lines": [], "start_line": 175}, "load_contributions": {"executed_lines": [], "summary": {"covered_lines": 0, "num_statements": 10, "percent_covered": 0.0, "percent_covered_display": "0", "missing_lines": 10, "excluded_lines": 0, "percent_statements_covered": 0.0, "percent_statements_covered_display": "0"}, "missing_lines": [211, 213, 221, 222, 223, 226, 235, 236, 237, 239], "excluded_lines": [], "start_line": 204}, "_load_graph_spof": {"executed_lines": [], "summary": {"covered_lines": 0, "num_statements": 3, "percent_covered": 0.0, "percent_covered_display": "0", "missing_lines": 3, "excluded_lines": 0, "percent_statements_covered": 0.0, "percent_statements_covered_display": "0"}, "missing_lines": [244, 245, 258], "excluded_lines": [], "start_line": 242}, "compute_and_persist": {"executed_lines": [], "summary": {"covered_lines": 0, "num_statements": 22, "percent_covered": 0.0, "percent_covered_display": "0", "missing_lines": 22, "excluded_lines": 0, "percent_statements_covered": 0.0, "percent_statements_covered_display": "0"}, "missing_lines": [279, 281, 282, 283, 287, 289, 290, 291, 293, 295, 296, 297, 298, 306, 322, 323, 324, 327, 338, 356, 357, 361], "excluded_lines": [], "start_line": 261}, "_compute_impacted_departments": {"executed_lines": [], "summary": {"covered_lines": 0, "num_statements": 5, "percent_covered": 0.0, "percent_covered_display": "0", "missing_lines": 5, "excluded_lines": 0, "percent_statements_covered": 0.0, "percent_statements_covered_display": "0"}, "missing_lines": [371, 372, 374, 375, 392], "excluded_lines": [], "start_line": 364}, "get_impact_statement": {"executed_lines": [], "summary": {"covered_lines": 0, "num_statements": 19, "percent_covered": 0.0, "percent_covered_display": "0", "missing_lines": 19, "excluded_lines": 0, "percent_statements_covered": 0.0, "percent_statements_covered_display": "0"}, "missing_lines": [403, 404, 423, 425, 426, 428, 431, 432, 435, 436, 447, 449, 450, 451, 452, 457, 458, 463, 465], "excluded_lines": [], "start_line": 395}, "": {"executed_lines": [36, 38, 39, 40, 41, 42, 43, 45, 47, 51, 52, 53, 54, 60, 85, 175, 204, 242, 261, 364, 395], "summary": {"covered_lines": 21, "num_statements": 21, "percent_covered": 100.0, "percent_covered_display": "100", "missing_lines": 0, "excluded_lines": 0, "percent_statements_covered": 100.0, "percent_statements_covered_display": "100"}, "missing_lines": [], "excluded_lines": [], "start_line": 1}}, "classes": {"": {"executed_lines": [36, 38, 39, 40, 41, 42, 43, 45, 47, 51, 52, 53, 54, 60, 73, 74, 75, 76, 78, 79, 80, 81, 82, 85, 104, 105, 107, 110, 111, 112, 113, 115, 116, 117, 118, 119, 120, 121, 122, 123, 128, 129, 131, 132, 133, 135, 136, 137, 138, 139, 141, 142, 143, 145, 153, 155, 158, 161, 163, 172, 175, 190, 191, 204, 242, 261, 364, 395], "summary": {"covered_lines": 68, "num_statements": 127, "percent_covered": 53.54330708661417, "percent_covered_display": "54", "missing_lines": 59, "excluded_lines": 0, "percent_statements_covered": 53.54330708661417, "percent_statements_covered_display": "54"}, "missing_lines": [211, 213, 221, 222, 223, 226, 235, 236, 237, 239, 244, 245, 258, 279, 281, 282, 283, 287, 289, 290, 291, 293, 295, 296, 297, 298, 306, 322, 323, 324, 327, 338, 356, 357, 361, 371, 372, 374, 375, 392, 403, 404, 423, 425, 426, 428, 431, 432, 435, 436, 447, 449, 450, 451, 452, 457, 458, 463, 465], "excluded_lines": [], "start_line": 1}}}, "graph\\metrics.py": {"executed_lines": [20, 21, 22, 23, 24, 25, 27, 28, 29, 31, 32, 34, 35, 37, 38, 39, 44, 46, 48, 50, 51, 53, 59, 75, 76, 77, 80, 81, 82, 84, 85, 86, 90, 94, 97, 108, 111, 123, 124, 127, 150, 152, 155, 157, 158, 159, 160, 161, 162, 163, 167, 200, 212, 213, 214, 215, 216, 217, 218, 219, 223, 224, 230, 293, 328], "summary": {"covered_lines": 65, "num_statements": 109, "percent_covered": 59.63302752293578, "percent_covered_display": "60", "missing_lines": 44, "excluded_lines": 0, "percent_statements_covered": 59.63302752293578, "percent_statements_covered_display": "60"}, "missing_lines": [33, 40, 41, 153, 168, 170, 174, 175, 176, 177, 178, 180, 181, 182, 183, 186, 191, 195, 197, 250, 251, 264, 265, 266, 285, 294, 296, 299, 303, 307, 309, 310, 312, 313, 314, 316, 317, 318, 319, 321, 322, 324, 325, 329], "excluded_lines": [], "functions": {"compute_betweenness": {"executed_lines": [75, 76, 77, 80, 81, 82, 84, 85, 86, 90, 94], "summary": {"covered_lines": 11, "num_statements": 11, "percent_covered": 100.0, "percent_covered_display": "100", "missing_lines": 0, "excluded_lines": 0, "percent_statements_covered": 100.0, "percent_statements_covered_display": "100"}, "missing_lines": [], "excluded_lines": [], "start_line": 59}, "compute_degree_centrality": {"executed_lines": [108], "summary": {"covered_lines": 1, "num_statements": 1, "percent_covered": 100.0, "percent_covered_display": "100", "missing_lines": 0, "excluded_lines": 0, "percent_statements_covered": 100.0, "percent_statements_covered_display": "100"}, "missing_lines": [], "excluded_lines": [], "start_line": 97}, "compute_clustering": {"executed_lines": [123, 124], "summary": {"covered_lines": 2, "num_statements": 2, "percent_covered": 100.0, "percent_covered_display": "100", "missing_lines": 0, "excluded_lines": 0, "percent_statements_covered": 100.0, "percent_statements_covered_display": "100"}, "missing_lines": [], "excluded_lines": [], "start_line": 111}, "compute_community": {"executed_lines": [150, 152, 155, 157, 158, 159, 160, 161, 162, 163, 167], "summary": {"covered_lines": 11, "num_statements": 27, "percent_covered": 40.74074074074074, "percent_covered_display": "41", "missing_lines": 16, "excluded_lines": 0, "percent_statements_covered": 40.74074074074074, "percent_statements_covered_display": "41"}, "missing_lines": [153, 168, 170, 174, 175, 176, 177, 178, 180, 181, 182, 183, 186, 191, 195, 197], "excluded_lines": [], "start_line": 127}, "compute_cross_dept_ratio": {"executed_lines": [212, 213, 214, 215, 216, 217, 218, 219, 223, 224], "summary": {"covered_lines": 10, "num_statements": 10, "percent_covered": 100.0, "percent_covered_display": "100", "missing_lines": 0, "excluded_lines": 0, "percent_statements_covered": 100.0, "percent_statements_covered_display": "100"}, "missing_lines": [], "excluded_lines": [], "start_line": 200}, "write_snapshot": {"executed_lines": [], "summary": {"covered_lines": 0, "num_statements": 6, "percent_covered": 0.0, "percent_covered_display": "0", "missing_lines": 6, "excluded_lines": 0, "percent_statements_covered": 0.0, "percent_statements_covered_display": "0"}, "missing_lines": [250, 251, 264, 265, 266, 285], "excluded_lines": [], "start_line": 230}, "main": {"executed_lines": [], "summary": {"covered_lines": 0, "num_statements": 18, "percent_covered": 0.0, "percent_covered_display": "0", "missing_lines": 18, "excluded_lines": 0, "percent_statements_covered": 0.0, "percent_statements_covered_display": "0"}, "missing_lines": [294, 296, 299, 303, 307, 309, 310, 312, 313, 314, 316, 317, 318, 319, 321, 322, 324, 325], "excluded_lines": [], "start_line": 293}, "": {"executed_lines": [20, 21, 22, 23, 24, 25, 27, 28, 29, 31, 32, 34, 35, 37, 38, 39, 44, 46, 48, 50, 51, 53, 59, 97, 111, 127, 200, 230, 293, 328], "summary": {"covered_lines": 30, "num_statements": 34, "percent_covered": 88.23529411764706, "percent_covered_display": "88", "missing_lines": 4, "excluded_lines": 0, "percent_statements_covered": 88.23529411764706, "percent_statements_covered_display": "88"}, "missing_lines": [33, 40, 41, 329], "excluded_lines": [], "start_line": 1}}, "classes": {"": {"executed_lines": [20, 21, 22, 23, 24, 25, 27, 28, 29, 31, 32, 34, 35, 37, 38, 39, 44, 46, 48, 50, 51, 53, 59, 75, 76, 77, 80, 81, 82, 84, 85, 86, 90, 94, 97, 108, 111, 123, 124, 127, 150, 152, 155, 157, 158, 159, 160, 161, 162, 163, 167, 200, 212, 213, 214, 215, 216, 217, 218, 219, 223, 224, 230, 293, 328], "summary": {"covered_lines": 65, "num_statements": 109, "percent_covered": 59.63302752293578, "percent_covered_display": "60", "missing_lines": 44, "excluded_lines": 0, "percent_statements_covered": 59.63302752293578, "percent_statements_covered_display": "60"}, "missing_lines": [33, 40, 41, 153, 168, 170, 174, 175, 176, 177, 178, 180, 181, 182, 183, 186, 191, 195, 197, 250, 251, 264, 265, 266, 285, 294, 296, 299, 303, 307, 309, 310, 312, 313, 314, 316, 317, 318, 319, 321, 322, 324, 325, 329], "excluded_lines": [], "start_line": 1}}}, "graph\\neo4j_client.py": {"executed_lines": [12, 13, 14, 16, 18, 19, 20, 22, 25, 38, 46, 48, 49, 50, 51, 52, 53, 59, 74, 75, 76, 88, 89, 100, 104, 107, 109, 110, 111, 115, 119, 125, 141, 142, 143, 158, 160, 161, 163, 178, 191, 192, 193, 206, 209, 221, 222, 223, 238, 241, 254, 255, 256, 257, 267, 277, 279, 280, 282, 283, 285, 286, 289], "summary": {"covered_lines": 63, "num_statements": 70, "percent_covered": 90.0, "percent_covered_display": "90", "missing_lines": 7, "excluded_lines": 0, "percent_statements_covered": 90.0, "percent_statements_covered_display": "90"}, "missing_lines": [28, 29, 30, 35, 41, 42, 43], "excluded_lines": [], "functions": {"get_driver": {"executed_lines": [], "summary": {"covered_lines": 0, "num_statements": 4, "percent_covered": 0.0, "percent_covered_display": "0", "missing_lines": 4, "excluded_lines": 0, "percent_statements_covered": 0.0, "percent_statements_covered_display": "0"}, "missing_lines": [28, 29, 30, 35], "excluded_lines": [], "start_line": 25}, "close_driver": {"executed_lines": [], "summary": {"covered_lines": 0, "num_statements": 3, "percent_covered": 0.0, "percent_covered_display": "0", "missing_lines": 3, "excluded_lines": 0, "percent_statements_covered": 0.0, "percent_statements_covered_display": "0"}, "missing_lines": [41, 42, 43], "excluded_lines": [], "start_line": 38}, "neo4j_available": {"executed_lines": [48, 49, 50, 51, 52, 53], "summary": {"covered_lines": 6, "num_statements": 6, "percent_covered": 100.0, "percent_covered_display": "100", "missing_lines": 0, "excluded_lines": 0, "percent_statements_covered": 100.0, "percent_statements_covered_display": "100"}, "missing_lines": [], "excluded_lines": [], "start_line": 46}, "upsert_graph": {"executed_lines": [74, 75, 76, 88, 89, 100, 104], "summary": {"covered_lines": 7, "num_statements": 7, "percent_covered": 100.0, "percent_covered_display": "100", "missing_lines": 0, "excluded_lines": 0, "percent_statements_covered": 100.0, "percent_statements_covered_display": "100"}, "missing_lines": [], "excluded_lines": [], "start_line": 59}, "ensure_indexes": {"executed_lines": [109, 110, 111, 115, 119], "summary": {"covered_lines": 5, "num_statements": 5, "percent_covered": 100.0, "percent_covered_display": "100", "missing_lines": 0, "excluded_lines": 0, "percent_statements_covered": 100.0, "percent_statements_covered_display": "100"}, "missing_lines": [], "excluded_lines": [], "start_line": 107}, "query_shortest_path": {"executed_lines": [141, 142, 143, 158, 160, 161, 163], "summary": {"covered_lines": 7, "num_statements": 7, "percent_covered": 100.0, "percent_covered_display": "100", "missing_lines": 0, "excluded_lines": 0, "percent_statements_covered": 100.0, "percent_statements_covered_display": "100"}, "missing_lines": [], "excluded_lines": [], "start_line": 125}, "query_reachability": {"executed_lines": [191, 192, 193, 206], "summary": {"covered_lines": 4, "num_statements": 4, "percent_covered": 100.0, "percent_covered_display": "100", "missing_lines": 0, "excluded_lines": 0, "percent_statements_covered": 100.0, "percent_statements_covered_display": "100"}, "missing_lines": [], "excluded_lines": [], "start_line": 178}, "query_knowledge_islands": {"executed_lines": [221, 222, 223, 238], "summary": {"covered_lines": 4, "num_statements": 4, "percent_covered": 100.0, "percent_covered_display": "100", "missing_lines": 0, "excluded_lines": 0, "percent_statements_covered": 100.0, "percent_statements_covered_display": "100"}, "missing_lines": [], "excluded_lines": [], "start_line": 209}, "query_betweenness_gds": {"executed_lines": [254, 255, 256, 257, 267, 277, 279, 280, 282, 283, 285, 286, 289], "summary": {"covered_lines": 13, "num_statements": 13, "percent_covered": 100.0, "percent_covered_display": "100", "missing_lines": 0, "excluded_lines": 0, "percent_statements_covered": 100.0, "percent_statements_covered_display": "100"}, "missing_lines": [], "excluded_lines": [], "start_line": 241}, "": {"executed_lines": [12, 13, 14, 16, 18, 19, 20, 22, 25, 38, 46, 59, 107, 125, 178, 209, 241], "summary": {"covered_lines": 17, "num_statements": 17, "percent_covered": 100.0, "percent_covered_display": "100", "missing_lines": 0, "excluded_lines": 0, "percent_statements_covered": 100.0, "percent_statements_covered_display": "100"}, "missing_lines": [], "excluded_lines": [], "start_line": 1}}, "classes": {"": {"executed_lines": [12, 13, 14, 16, 18, 19, 20, 22, 25, 38, 46, 48, 49, 50, 51, 52, 53, 59, 74, 75, 76, 88, 89, 100, 104, 107, 109, 110, 111, 115, 119, 125, 141, 142, 143, 158, 160, 161, 163, 178, 191, 192, 193, 206, 209, 221, 222, 223, 238, 241, 254, 255, 256, 257, 267, 277, 279, 280, 282, 283, 285, 286, 289], "summary": {"covered_lines": 63, "num_statements": 70, "percent_covered": 90.0, "percent_covered_display": "90", "missing_lines": 7, "excluded_lines": 0, "percent_statements_covered": 90.0, "percent_statements_covered_display": "90"}, "missing_lines": [28, 29, 30, 35, 41, 42, 43], "excluded_lines": [], "start_line": 1}}}, "graph\\org_health.py": {"executed_lines": [18, 20, 21, 22, 23, 24, 26, 30, 31, 32, 33, 39, 42, 44, 47, 55, 56, 57, 61, 69, 71, 72, 73, 80, 109, 110, 112, 114, 116, 121, 122, 124, 131, 133, 155, 238, 252, 253, 254, 255, 257, 258, 259, 260, 262, 263, 269, 270, 272, 273, 274, 276, 292, 293, 294, 295, 296, 299, 300, 303, 307, 311, 315, 318, 324, 325, 330, 333, 339, 340, 341, 342, 343, 348, 352, 361], "summary": {"covered_lines": 76, "num_statements": 119, "percent_covered": 63.865546218487395, "percent_covered_display": "64", "missing_lines": 43, "excluded_lines": 0, "percent_statements_covered": 63.865546218487395, "percent_statements_covered_display": "64"}, "missing_lines": [74, 162, 164, 165, 168, 169, 172, 173, 184, 186, 187, 188, 195, 196, 199, 200, 203, 204, 205, 206, 207, 208, 210, 213, 221, 224, 225, 227, 232, 304, 308, 312, 326, 327, 328, 329, 367, 369, 370, 371, 373, 388, 393], "excluded_lines": [], "functions": {"silo_threshold": {"executed_lines": [55, 56, 57], "summary": {"covered_lines": 3, "num_statements": 3, "percent_covered": 100.0, "percent_covered_display": "100", "missing_lines": 0, "excluded_lines": 0, "percent_statements_covered": 100.0, "percent_statements_covered_display": "100"}, "missing_lines": [], "excluded_lines": [], "start_line": 47}, "score_tier": {"executed_lines": [71, 72, 73], "summary": {"covered_lines": 3, "num_statements": 4, "percent_covered": 75.0, "percent_covered_display": "75", "missing_lines": 1, "excluded_lines": 0, "percent_statements_covered": 75.0, "percent_statements_covered_display": "75"}, "missing_lines": [74], "excluded_lines": [], "start_line": 69}, "compute_org_health": {"executed_lines": [109, 110, 112, 114, 116, 121, 122, 124, 131, 133], "summary": {"covered_lines": 10, "num_statements": 10, "percent_covered": 100.0, "percent_covered_display": "100", "missing_lines": 0, "excluded_lines": 0, "percent_statements_covered": 100.0, "percent_statements_covered_display": "100"}, "missing_lines": [], "excluded_lines": [], "start_line": 80}, "compute_and_persist": {"executed_lines": [], "summary": {"covered_lines": 0, "num_statements": 28, "percent_covered": 0.0, "percent_covered_display": "0", "missing_lines": 28, "excluded_lines": 0, "percent_statements_covered": 0.0, "percent_statements_covered_display": "0"}, "missing_lines": [162, 164, 165, 168, 169, 172, 173, 184, 186, 187, 188, 195, 196, 199, 200, 203, 204, 205, 206, 207, 208, 210, 213, 221, 224, 225, 227, 232], "excluded_lines": [], "start_line": 155}, "generate_briefing": {"executed_lines": [252, 253, 254, 255, 257, 258, 259, 260, 262, 263, 269, 270, 272, 273, 274, 276], "summary": {"covered_lines": 16, "num_statements": 16, "percent_covered": 100.0, "percent_covered_display": "100", "missing_lines": 0, "excluded_lines": 0, "percent_statements_covered": 100.0, "percent_statements_covered_display": "100"}, "missing_lines": [], "excluded_lines": [], "start_line": 238}, "_recommend_actions": {"executed_lines": [293, 294, 295, 296, 299, 300, 303, 307, 311, 315], "summary": {"covered_lines": 10, "num_statements": 13, "percent_covered": 76.92307692307692, "percent_covered_display": "77", "missing_lines": 3, "excluded_lines": 0, "percent_statements_covered": 76.92307692307692, "percent_statements_covered_display": "77"}, "missing_lines": [304, 308, 312], "excluded_lines": [], "start_line": 292}, "_generate_narrative": {"executed_lines": [324, 325, 330], "summary": {"covered_lines": 3, "num_statements": 7, "percent_covered": 42.857142857142854, "percent_covered_display": "43", "missing_lines": 4, "excluded_lines": 0, "percent_statements_covered": 42.857142857142854, "percent_statements_covered_display": "43"}, "missing_lines": [326, 327, 328, 329], "excluded_lines": [], "start_line": 318}, "_template_narrative": {"executed_lines": [339, 340, 341, 342, 343, 348, 352], "summary": {"covered_lines": 7, "num_statements": 7, "percent_covered": 100.0, "percent_covered_display": "100", "missing_lines": 0, "excluded_lines": 0, "percent_statements_covered": 100.0, "percent_statements_covered_display": "100"}, "missing_lines": [], "excluded_lines": [], "start_line": 333}, "_claude_narrative": {"executed_lines": [], "summary": {"covered_lines": 0, "num_statements": 7, "percent_covered": 0.0, "percent_covered_display": "0", "missing_lines": 7, "excluded_lines": 0, "percent_statements_covered": 0.0, "percent_statements_covered_display": "0"}, "missing_lines": [367, 369, 370, 371, 373, 388, 393], "excluded_lines": [], "start_line": 361}, "": {"executed_lines": [18, 20, 21, 22, 23, 24, 26, 30, 31, 32, 33, 39, 42, 44, 47, 61, 69, 80, 155, 238, 292, 318, 333, 361], "summary": {"covered_lines": 24, "num_statements": 24, "percent_covered": 100.0, "percent_covered_display": "100", "missing_lines": 0, "excluded_lines": 0, "percent_statements_covered": 100.0, "percent_statements_covered_display": "100"}, "missing_lines": [], "excluded_lines": [], "start_line": 1}}, "classes": {"": {"executed_lines": [18, 20, 21, 22, 23, 24, 26, 30, 31, 32, 33, 39, 42, 44, 47, 55, 56, 57, 61, 69, 71, 72, 73, 80, 109, 110, 112, 114, 116, 121, 122, 124, 131, 133, 155, 238, 252, 253, 254, 255, 257, 258, 259, 260, 262, 263, 269, 270, 272, 273, 274, 276, 292, 293, 294, 295, 296, 299, 300, 303, 307, 311, 315, 318, 324, 325, 330, 333, 339, 340, 341, 342, 343, 348, 352, 361], "summary": {"covered_lines": 76, "num_statements": 119, "percent_covered": 63.865546218487395, "percent_covered_display": "64", "missing_lines": 43, "excluded_lines": 0, "percent_statements_covered": 63.865546218487395, "percent_statements_covered_display": "64"}, "missing_lines": [74, 162, 164, 165, 168, 169, 172, 173, 184, 186, 187, 188, 195, 196, 199, 200, 203, 204, 205, 206, 207, 208, 210, 213, 221, 224, 225, 227, 232, 304, 308, 312, 326, 327, 328, 329, 367, 369, 370, 371, 373, 388, 393], "excluded_lines": [], "start_line": 1}}}, "graph\\risk_scorer.py": {"executed_lines": [40, 41, 42, 43, 44, 45, 46, 47, 49, 50, 52, 54, 55, 60, 62, 64, 72, 78, 81, 89, 90, 91, 92, 93, 94, 97, 98, 101, 127, 135, 145, 146, 147, 148, 149, 155, 188, 189, 190, 192, 195, 196, 197, 199, 201, 202, 208, 210, 211, 212, 213, 214, 215, 216, 217, 224, 227, 249, 257, 344, 381], "summary": {"covered_lines": 61, "num_statements": 102, "percent_covered": 59.80392156862745, "percent_covered_display": "60", "missing_lines": 41, "excluded_lines": 0, "percent_statements_covered": 59.80392156862745, "percent_statements_covered_display": "60"}, "missing_lines": [287, 289, 290, 291, 292, 293, 294, 295, 296, 297, 298, 299, 300, 301, 303, 318, 319, 320, 332, 345, 347, 350, 351, 355, 357, 358, 360, 361, 362, 364, 365, 366, 367, 369, 370, 371, 372, 375, 377, 378, 382], "excluded_lines": [], "functions": {"_perturbed_weights": {"executed_lines": [89, 90, 91, 92, 93, 94], "summary": {"covered_lines": 6, "num_statements": 6, "percent_covered": 100.0, "percent_covered_display": "100", "missing_lines": 0, "excluded_lines": 0, "percent_statements_covered": 100.0, "percent_statements_covered_display": "100"}, "missing_lines": [], "excluded_lines": [], "start_line": 81}, "compute_spof_score": {"executed_lines": [127], "summary": {"covered_lines": 1, "num_statements": 1, "percent_covered": 100.0, "percent_covered_display": "100", "missing_lines": 0, "excluded_lines": 0, "percent_statements_covered": 100.0, "percent_statements_covered_display": "100"}, "missing_lines": [], "excluded_lines": [], "start_line": 101}, "_percent_rank": {"executed_lines": [145, 146, 147, 148, 149], "summary": {"covered_lines": 5, "num_statements": 5, "percent_covered": 100.0, "percent_covered_display": "100", "missing_lines": 0, "excluded_lines": 0, "percent_statements_covered": 100.0, "percent_statements_covered_display": "100"}, "missing_lines": [], "excluded_lines": [], "start_line": 135}, "score_all_with_bands": {"executed_lines": [188, 189, 190, 192, 195, 196, 197, 199, 201, 210, 211, 212, 213, 214, 215, 216, 217, 224], "summary": {"covered_lines": 18, "num_statements": 18, "percent_covered": 100.0, "percent_covered_display": "100", "missing_lines": 0, "excluded_lines": 0, "percent_statements_covered": 100.0, "percent_statements_covered_display": "100"}, "missing_lines": [], "excluded_lines": [], "start_line": 155}, "score_all_with_bands._score": {"executed_lines": [202, 208], "summary": {"covered_lines": 2, "num_statements": 2, "percent_covered": 100.0, "percent_covered_display": "100", "missing_lines": 0, "excluded_lines": 0, "percent_statements_covered": 100.0, "percent_statements_covered_display": "100"}, "missing_lines": [], "excluded_lines": [], "start_line": 201}, "score_all": {"executed_lines": [249], "summary": {"covered_lines": 1, "num_statements": 1, "percent_covered": 100.0, "percent_covered_display": "100", "missing_lines": 0, "excluded_lines": 0, "percent_statements_covered": 100.0, "percent_statements_covered_display": "100"}, "missing_lines": [], "excluded_lines": [], "start_line": 227}, "write_scores": {"executed_lines": [], "summary": {"covered_lines": 0, "num_statements": 7, "percent_covered": 0.0, "percent_covered_display": "0", "missing_lines": 7, "excluded_lines": 0, "percent_statements_covered": 0.0, "percent_statements_covered_display": "0"}, "missing_lines": [287, 289, 303, 318, 319, 320, 332], "excluded_lines": [], "start_line": 257}, "write_scores._flag": {"executed_lines": [], "summary": {"covered_lines": 0, "num_statements": 12, "percent_covered": 0.0, "percent_covered_display": "0", "missing_lines": 12, "excluded_lines": 0, "percent_statements_covered": 0.0, "percent_statements_covered_display": "0"}, "missing_lines": [290, 291, 292, 293, 294, 295, 296, 297, 298, 299, 300, 301], "excluded_lines": [], "start_line": 289}, "main": {"executed_lines": [], "summary": {"covered_lines": 0, "num_statements": 21, "percent_covered": 0.0, "percent_covered_display": "0", "missing_lines": 21, "excluded_lines": 0, "percent_statements_covered": 0.0, "percent_statements_covered_display": "0"}, "missing_lines": [345, 347, 350, 351, 355, 357, 358, 360, 361, 362, 364, 365, 366, 367, 369, 370, 371, 372, 375, 377, 378], "excluded_lines": [], "start_line": 344}, "": {"executed_lines": [40, 41, 42, 43, 44, 45, 46, 47, 49, 50, 52, 54, 55, 60, 62, 64, 72, 78, 81, 97, 98, 101, 135, 155, 227, 257, 344, 381], "summary": {"covered_lines": 28, "num_statements": 29, "percent_covered": 96.55172413793103, "percent_covered_display": "97", "missing_lines": 1, "excluded_lines": 0, "percent_statements_covered": 96.55172413793103, "percent_statements_covered_display": "97"}, "missing_lines": [382], "excluded_lines": [], "start_line": 1}}, "classes": {"": {"executed_lines": [40, 41, 42, 43, 44, 45, 46, 47, 49, 50, 52, 54, 55, 60, 62, 64, 72, 78, 81, 89, 90, 91, 92, 93, 94, 97, 98, 101, 127, 135, 145, 146, 147, 148, 149, 155, 188, 189, 190, 192, 195, 196, 197, 199, 201, 202, 208, 210, 211, 212, 213, 214, 215, 216, 217, 224, 227, 249, 257, 344, 381], "summary": {"covered_lines": 61, "num_statements": 102, "percent_covered": 59.80392156862745, "percent_covered_display": "60", "missing_lines": 41, "excluded_lines": 0, "percent_statements_covered": 59.80392156862745, "percent_statements_covered_display": "60"}, "missing_lines": [287, 289, 290, 291, 292, 293, 294, 295, 296, 297, 298, 299, 300, 301, 303, 318, 319, 320, 332, 345, 347, 350, 351, 355, 357, 358, 360, 361, 362, 364, 365, 366, 367, 369, 370, 371, 372, 375, 377, 378, 382], "excluded_lines": [], "start_line": 1}}}, "graph\\scenario_simulator.py": {"executed_lines": [12, 14, 15, 16, 17, 19, 21, 23, 24, 30, 75, 77, 78, 79, 80, 81, 82, 97, 103, 135, 158], "summary": {"covered_lines": 21, "num_statements": 111, "percent_covered": 18.91891891891892, "percent_covered_display": "19", "missing_lines": 90, "excluded_lines": 0, "percent_statements_covered": 18.91891891891892, "percent_statements_covered_display": "19"}, "missing_lines": [32, 34, 35, 36, 37, 39, 40, 42, 43, 56, 58, 61, 62, 65, 66, 67, 69, 83, 84, 85, 86, 87, 88, 89, 90, 91, 92, 93, 94, 96, 104, 105, 107, 108, 111, 112, 113, 115, 116, 119, 120, 121, 122, 123, 124, 126, 137, 138, 139, 140, 142, 143, 144, 145, 146, 149, 150, 151, 152, 164, 165, 166, 167, 169, 170, 171, 177, 178, 181, 188, 189, 190, 193, 194, 195, 196, 197, 198, 199, 200, 203, 204, 205, 206, 210, 211, 212, 213, 214, 216], "excluded_lines": [], "functions": {"load_current_graph": {"executed_lines": [], "summary": {"covered_lines": 0, "num_statements": 17, "percent_covered": 0.0, "percent_covered_display": "0", "missing_lines": 17, "excluded_lines": 0, "percent_statements_covered": 0.0, "percent_statements_covered_display": "0"}, "missing_lines": [32, 34, 35, 36, 37, 39, 40, 42, 43, 56, 58, 61, 62, 65, 66, 67, 69], "excluded_lines": [], "start_line": 30}, "apply_operations": {"executed_lines": [77, 78, 79, 80, 81, 82, 97], "summary": {"covered_lines": 7, "num_statements": 20, "percent_covered": 35.0, "percent_covered_display": "35", "missing_lines": 13, "excluded_lines": 0, "percent_statements_covered": 35.0, "percent_statements_covered_display": "35"}, "missing_lines": [83, 84, 85, 86, 87, 88, 89, 90, 91, 92, 93, 94, 96], "excluded_lines": [], "start_line": 75}, "_graph_metrics": {"executed_lines": [], "summary": {"covered_lines": 0, "num_statements": 16, "percent_covered": 0.0, "percent_covered_display": "0", "missing_lines": 16, "excluded_lines": 0, "percent_statements_covered": 0.0, "percent_statements_covered_display": "0"}, "missing_lines": [104, 105, 107, 108, 111, 112, 113, 115, 116, 119, 120, 121, 122, 123, 124, 126], "excluded_lines": [], "start_line": 103}, "_count_silos": {"executed_lines": [], "summary": {"covered_lines": 0, "num_statements": 13, "percent_covered": 0.0, "percent_covered_display": "0", "missing_lines": 13, "excluded_lines": 0, "percent_statements_covered": 0.0, "percent_statements_covered_display": "0"}, "missing_lines": [137, 138, 139, 140, 142, 143, 144, 145, 146, 149, 150, 151, 152], "excluded_lines": [], "start_line": 135}, "compute_impact_report": {"executed_lines": [], "summary": {"covered_lines": 0, "num_statements": 31, "percent_covered": 0.0, "percent_covered_display": "0", "missing_lines": 31, "excluded_lines": 0, "percent_statements_covered": 0.0, "percent_statements_covered_display": "0"}, "missing_lines": [164, 165, 166, 167, 169, 170, 171, 177, 178, 181, 188, 189, 190, 193, 194, 195, 196, 197, 198, 199, 200, 203, 204, 205, 206, 210, 211, 212, 213, 214, 216], "excluded_lines": [], "start_line": 158}, "": {"executed_lines": [12, 14, 15, 16, 17, 19, 21, 23, 24, 30, 75, 103, 135, 158], "summary": {"covered_lines": 14, "num_statements": 14, "percent_covered": 100.0, "percent_covered_display": "100", "missing_lines": 0, "excluded_lines": 0, "percent_statements_covered": 100.0, "percent_statements_covered_display": "100"}, "missing_lines": [], "excluded_lines": [], "start_line": 1}}, "classes": {"": {"executed_lines": [12, 14, 15, 16, 17, 19, 21, 23, 24, 30, 75, 77, 78, 79, 80, 81, 82, 97, 103, 135, 158], "summary": {"covered_lines": 21, "num_statements": 111, "percent_covered": 18.91891891891892, "percent_covered_display": "19", "missing_lines": 90, "excluded_lines": 0, "percent_statements_covered": 18.91891891891892, "percent_statements_covered_display": "19"}, "missing_lines": [32, 34, 35, 36, 37, 39, 40, 42, 43, 56, 58, 61, 62, 65, 66, 67, 69, 83, 84, 85, 86, 87, 88, 89, 90, 91, 92, 93, 94, 96, 104, 105, 107, 108, 111, 112, 113, 115, 116, 119, 120, 121, 122, 123, 124, 126, 137, 138, 139, 140, 142, 143, 144, 145, 146, 149, 150, 151, 152, 164, 165, 166, 167, 169, 170, 171, 177, 178, 181, 188, 189, 190, 193, 194, 195, 196, 197, 198, 199, 200, 203, 204, 205, 206, 210, 211, 212, 213, 214, 216], "excluded_lines": [], "start_line": 1}}}, "graph\\silo_detector.py": {"executed_lines": [18, 19, 20, 21, 22, 23, 24, 25, 26, 28, 29, 31, 33, 34, 35, 37, 39, 42, 43, 54, 55, 56, 57, 58, 61, 82, 83, 84, 85, 87, 88, 90, 92, 93, 97, 99, 106, 111, 113, 118, 119, 121, 123, 131, 132, 135, 186, 225], "summary": {"covered_lines": 48, "num_statements": 74, "percent_covered": 64.86486486486487, "percent_covered_display": "65", "missing_lines": 26, "excluded_lines": 0, "percent_statements_covered": 64.86486486486487, "percent_statements_covered_display": "65"}, "missing_lines": [145, 146, 147, 149, 170, 171, 172, 181, 187, 189, 190, 191, 196, 200, 202, 203, 205, 206, 207, 209, 210, 212, 215, 216, 222, 226], "excluded_lines": [], "functions": {"detect_silos": {"executed_lines": [82, 83, 84, 85, 87, 88, 90, 92, 93, 97, 99, 106, 111, 113, 118, 119, 121, 123, 131, 132], "summary": {"covered_lines": 20, "num_statements": 20, "percent_covered": 100.0, "percent_covered_display": "100", "missing_lines": 0, "excluded_lines": 0, "percent_statements_covered": 100.0, "percent_statements_covered_display": "100"}, "missing_lines": [], "excluded_lines": [], "start_line": 61}, "write_alerts": {"executed_lines": [], "summary": {"covered_lines": 0, "num_statements": 8, "percent_covered": 0.0, "percent_covered_display": "0", "missing_lines": 8, "excluded_lines": 0, "percent_statements_covered": 0.0, "percent_statements_covered_display": "0"}, "missing_lines": [145, 146, 147, 149, 170, 171, 172, 181], "excluded_lines": [], "start_line": 135}, "main": {"executed_lines": [], "summary": {"covered_lines": 0, "num_statements": 17, "percent_covered": 0.0, "percent_covered_display": "0", "missing_lines": 17, "excluded_lines": 0, "percent_statements_covered": 0.0, "percent_statements_covered_display": "0"}, "missing_lines": [187, 189, 190, 191, 196, 200, 202, 203, 205, 206, 207, 209, 210, 212, 215, 216, 222], "excluded_lines": [], "start_line": 186}, "": {"executed_lines": [18, 19, 20, 21, 22, 23, 24, 25, 26, 28, 29, 31, 33, 34, 35, 37, 39, 42, 43, 54, 55, 56, 57, 58, 61, 135, 186, 225], "summary": {"covered_lines": 28, "num_statements": 29, "percent_covered": 96.55172413793103, "percent_covered_display": "97", "missing_lines": 1, "excluded_lines": 0, "percent_statements_covered": 96.55172413793103, "percent_statements_covered_display": "97"}, "missing_lines": [226], "excluded_lines": [], "start_line": 1}}, "classes": {"SiloAlert": {"executed_lines": [], "summary": {"covered_lines": 0, "num_statements": 0, "percent_covered": 100.0, "percent_covered_display": "100", "missing_lines": 0, "excluded_lines": 0, "percent_statements_covered": 100.0, "percent_statements_covered_display": "100"}, "missing_lines": [], "excluded_lines": [], "start_line": 43}, "": {"executed_lines": [18, 19, 20, 21, 22, 23, 24, 25, 26, 28, 29, 31, 33, 34, 35, 37, 39, 42, 43, 54, 55, 56, 57, 58, 61, 82, 83, 84, 85, 87, 88, 90, 92, 93, 97, 99, 106, 111, 113, 118, 119, 121, 123, 131, 132, 135, 186, 225], "summary": {"covered_lines": 48, "num_statements": 74, "percent_covered": 64.86486486486487, "percent_covered_display": "65", "missing_lines": 26, "excluded_lines": 0, "percent_statements_covered": 64.86486486486487, "percent_statements_covered_display": "65"}, "missing_lines": [145, 146, 147, 149, 170, 171, 172, 181, 187, 189, 190, 191, 196, 200, 202, 203, 205, 206, 207, 209, 210, 212, 215, 216, 222, 226], "excluded_lines": [], "start_line": 1}}}, "graph\\succession.py": {"executed_lines": [45, 47, 48, 49, 50, 51, 52, 54, 56, 58, 62, 63, 64, 65, 66, 67, 68, 74, 96, 97, 98, 99, 100, 101, 102, 103, 104, 106, 107, 108, 109, 112, 142, 143, 145, 146, 147, 149, 150, 151, 153, 156, 171, 172, 173, 176, 195, 197, 198, 203, 205, 206, 207, 208, 209, 210, 211, 212, 213, 214, 216, 217, 220, 247, 248, 250, 251, 253, 254, 255, 257, 258, 259, 261, 265, 273, 274, 280, 305, 338, 376, 398, 405], "summary": {"covered_lines": 83, "num_statements": 139, "percent_covered": 59.71223021582734, "percent_covered_display": "60", "missing_lines": 56, "excluded_lines": 0, "percent_statements_covered": 59.71223021582734, "percent_statements_covered_display": "60"}, "missing_lines": [152, 286, 287, 295, 312, 313, 314, 328, 329, 330, 331, 332, 333, 334, 335, 344, 345, 346, 347, 368, 383, 384, 395, 400, 401, 402, 434, 436, 438, 439, 441, 442, 443, 445, 446, 449, 450, 452, 453, 457, 459, 461, 462, 463, 464, 466, 470, 471, 487, 488, 489, 491, 492, 511, 512, 516], "excluded_lines": [], "functions": {"_proportional_neighbor_weights": {"executed_lines": [96, 97, 98, 99, 100, 101, 102, 103, 104, 106, 107, 108, 109], "summary": {"covered_lines": 13, "num_statements": 13, "percent_covered": 100.0, "percent_covered_display": "100", "missing_lines": 0, "excluded_lines": 0, "percent_statements_covered": 100.0, "percent_statements_covered_display": "100"}, "missing_lines": [], "excluded_lines": [], "start_line": 74}, "compute_structural_overlap": {"executed_lines": [142, 143, 145, 146, 147, 149, 150, 151, 153], "summary": {"covered_lines": 9, "num_statements": 10, "percent_covered": 90.0, "percent_covered_display": "90", "missing_lines": 1, "excluded_lines": 0, "percent_statements_covered": 90.0, "percent_statements_covered_display": "90"}, "missing_lines": [152], "excluded_lines": [], "start_line": 112}, "compute_domain_overlap": {"executed_lines": [171, 172, 173], "summary": {"covered_lines": 3, "num_statements": 3, "percent_covered": 100.0, "percent_covered_display": "100", "missing_lines": 0, "excluded_lines": 0, "percent_statements_covered": 100.0, "percent_statements_covered_display": "100"}, "missing_lines": [], "excluded_lines": [], "start_line": 156}, "find_border_employees": {"executed_lines": [195, 197, 198, 203, 205, 206, 207, 208, 209, 210, 211, 212, 213, 214, 216, 217], "summary": {"covered_lines": 16, "num_statements": 16, "percent_covered": 100.0, "percent_covered_display": "100", "missing_lines": 0, "excluded_lines": 0, "percent_statements_covered": 100.0, "percent_statements_covered_display": "100"}, "missing_lines": [], "excluded_lines": [], "start_line": 176}, "score_candidates": {"executed_lines": [247, 248, 250, 251, 253, 254, 255, 257, 258, 259, 261, 265, 273, 274], "summary": {"covered_lines": 14, "num_statements": 14, "percent_covered": 100.0, "percent_covered_display": "100", "missing_lines": 0, "excluded_lines": 0, "percent_statements_covered": 100.0, "percent_statements_covered_display": "100"}, "missing_lines": [], "excluded_lines": [], "start_line": 220}, "load_node_metrics": {"executed_lines": [], "summary": {"covered_lines": 0, "num_statements": 3, "percent_covered": 0.0, "percent_covered_display": "0", "missing_lines": 3, "excluded_lines": 0, "percent_statements_covered": 0.0, "percent_statements_covered_display": "0"}, "missing_lines": [286, 287, 295], "excluded_lines": [], "start_line": 280}, "load_knowledge_domains": {"executed_lines": [], "summary": {"covered_lines": 0, "num_statements": 11, "percent_covered": 0.0, "percent_covered_display": "0", "missing_lines": 11, "excluded_lines": 0, "percent_statements_covered": 0.0, "percent_statements_covered_display": "0"}, "missing_lines": [312, 313, 314, 328, 329, 330, 331, 332, 333, 334, 335], "excluded_lines": [], "start_line": 305}, "_load_raw_edges_from_conn": {"executed_lines": [], "summary": {"covered_lines": 0, "num_statements": 5, "percent_covered": 0.0, "percent_covered_display": "0", "missing_lines": 5, "excluded_lines": 0, "percent_statements_covered": 0.0, "percent_statements_covered_display": "0"}, "missing_lines": [344, 345, 346, 347, 368], "excluded_lines": [], "start_line": 338}, "_load_top_spof": {"executed_lines": [], "summary": {"covered_lines": 0, "num_statements": 3, "percent_covered": 0.0, "percent_covered_display": "0", "missing_lines": 3, "excluded_lines": 0, "percent_statements_covered": 0.0, "percent_statements_covered_display": "0"}, "missing_lines": [383, 384, 395], "excluded_lines": [], "start_line": 376}, "_load_active_employee_ids": {"executed_lines": [], "summary": {"covered_lines": 0, "num_statements": 3, "percent_covered": 0.0, "percent_covered_display": "0", "missing_lines": 3, "excluded_lines": 0, "percent_statements_covered": 0.0, "percent_statements_covered_display": "0"}, "missing_lines": [400, 401, 402], "excluded_lines": [], "start_line": 398}, "compute_and_persist": {"executed_lines": [], "summary": {"covered_lines": 0, "num_statements": 30, "percent_covered": 0.0, "percent_covered_display": "0", "missing_lines": 30, "excluded_lines": 0, "percent_statements_covered": 0.0, "percent_statements_covered_display": "0"}, "missing_lines": [434, 436, 438, 439, 441, 442, 443, 445, 446, 449, 450, 452, 453, 457, 459, 461, 462, 463, 464, 466, 470, 471, 487, 488, 489, 491, 492, 511, 512, 516], "excluded_lines": [], "start_line": 405}, "": {"executed_lines": [45, 47, 48, 49, 50, 51, 52, 54, 56, 58, 62, 63, 64, 65, 66, 67, 68, 74, 112, 156, 176, 220, 280, 305, 338, 376, 398, 405], "summary": {"covered_lines": 28, "num_statements": 28, "percent_covered": 100.0, "percent_covered_display": "100", "missing_lines": 0, "excluded_lines": 0, "percent_statements_covered": 100.0, "percent_statements_covered_display": "100"}, "missing_lines": [], "excluded_lines": [], "start_line": 1}}, "classes": {"": {"executed_lines": [45, 47, 48, 49, 50, 51, 52, 54, 56, 58, 62, 63, 64, 65, 66, 67, 68, 74, 96, 97, 98, 99, 100, 101, 102, 103, 104, 106, 107, 108, 109, 112, 142, 143, 145, 146, 147, 149, 150, 151, 153, 156, 171, 172, 173, 176, 195, 197, 198, 203, 205, 206, 207, 208, 209, 210, 211, 212, 213, 214, 216, 217, 220, 247, 248, 250, 251, 253, 254, 255, 257, 258, 259, 261, 265, 273, 274, 280, 305, 338, 376, 398, 405], "summary": {"covered_lines": 83, "num_statements": 139, "percent_covered": 59.71223021582734, "percent_covered_display": "60", "missing_lines": 56, "excluded_lines": 0, "percent_statements_covered": 59.71223021582734, "percent_statements_covered_display": "60"}, "missing_lines": [152, 286, 287, 295, 312, 313, 314, 328, 329, 330, 331, 332, 333, 334, 335, 344, 345, 346, 347, 368, 383, 384, 395, 400, 401, 402, 434, 436, 438, 439, 441, 442, 443, 445, 446, 449, 450, 452, 453, 457, 459, 461, 462, 463, 464, 466, 470, 471, 487, 488, 489, 491, 492, 511, 512, 516], "excluded_lines": [], "start_line": 1}}}, "graph\\team_optimizer.py": {"executed_lines": [], "summary": {"covered_lines": 0, "num_statements": 114, "percent_covered": 0.0, "percent_covered_display": "0", "missing_lines": 114, "excluded_lines": 0, "percent_statements_covered": 0.0, "percent_statements_covered_display": "0"}, "missing_lines": [13, 15, 16, 17, 19, 21, 24, 25, 26, 27, 28, 31, 33, 34, 35, 36, 37, 38, 39, 40, 43, 45, 46, 47, 48, 49, 50, 51, 52, 53, 54, 55, 56, 59, 74, 75, 76, 77, 78, 80, 83, 84, 104, 106, 107, 110, 111, 112, 113, 116, 117, 126, 128, 131, 132, 134, 135, 136, 137, 138, 139, 140, 142, 145, 146, 147, 148, 149, 151, 152, 153, 154, 155, 156, 158, 159, 161, 162, 163, 164, 165, 166, 167, 168, 169, 170, 171, 173, 175, 176, 177, 179, 180, 181, 182, 183, 184, 186, 187, 188, 189, 190, 191, 192, 193, 195, 196, 197, 198, 206, 215, 216, 217, 219], "excluded_lines": [], "functions": {"_jaccard": {"executed_lines": [], "summary": {"covered_lines": 0, "num_statements": 4, "percent_covered": 0.0, "percent_covered_display": "0", "missing_lines": 4, "excluded_lines": 0, "percent_statements_covered": 0.0, "percent_statements_covered_display": "0"}, "missing_lines": [25, 26, 27, 28], "excluded_lines": [], "start_line": 24}, "_relationship_density": {"executed_lines": [], "summary": {"covered_lines": 0, "num_statements": 8, "percent_covered": 0.0, "percent_covered_display": "0", "missing_lines": 8, "excluded_lines": 0, "percent_statements_covered": 0.0, "percent_statements_covered_display": "0"}, "missing_lines": [33, 34, 35, 36, 37, 38, 39, 40], "excluded_lines": [], "start_line": 31}, "_bridge_coverage": {"executed_lines": [], "summary": {"covered_lines": 0, "num_statements": 12, "percent_covered": 0.0, "percent_covered_display": "0", "missing_lines": 12, "excluded_lines": 0, "percent_statements_covered": 0.0, "percent_statements_covered_display": "0"}, "missing_lines": [45, 46, 47, 48, 49, 50, 51, 52, 53, 54, 55, 56], "excluded_lines": [], "start_line": 43}, "optimize_team": {"executed_lines": [], "summary": {"covered_lines": 0, "num_statements": 56, "percent_covered": 0.0, "percent_covered_display": "0", "missing_lines": 56, "excluded_lines": 0, "percent_statements_covered": 0.0, "percent_statements_covered_display": "0"}, "missing_lines": [74, 75, 76, 77, 78, 80, 83, 84, 104, 106, 107, 110, 111, 112, 113, 116, 117, 126, 128, 131, 132, 134, 135, 136, 137, 138, 139, 140, 142, 145, 175, 176, 177, 179, 180, 181, 182, 183, 184, 186, 187, 188, 189, 190, 191, 192, 193, 195, 196, 197, 198, 206, 215, 216, 217, 219], "excluded_lines": [], "start_line": 59}, "optimize_team.greedy_team": {"executed_lines": [], "summary": {"covered_lines": 0, "num_statements": 24, "percent_covered": 0.0, "percent_covered_display": "0", "missing_lines": 24, "excluded_lines": 0, "percent_statements_covered": 0.0, "percent_statements_covered_display": "0"}, "missing_lines": [146, 147, 148, 149, 151, 152, 153, 154, 155, 156, 158, 159, 161, 162, 163, 164, 165, 166, 167, 168, 169, 170, 171, 173], "excluded_lines": [], "start_line": 145}, "": {"executed_lines": [], "summary": {"covered_lines": 0, "num_statements": 10, "percent_covered": 0.0, "percent_covered_display": "0", "missing_lines": 10, "excluded_lines": 0, "percent_statements_covered": 0.0, "percent_statements_covered_display": "0"}, "missing_lines": [13, 15, 16, 17, 19, 21, 24, 31, 43, 59], "excluded_lines": [], "start_line": 1}}, "classes": {"": {"executed_lines": [], "summary": {"covered_lines": 0, "num_statements": 114, "percent_covered": 0.0, "percent_covered_display": "0", "missing_lines": 114, "excluded_lines": 0, "percent_statements_covered": 0.0, "percent_statements_covered_display": "0"}, "missing_lines": [13, 15, 16, 17, 19, 21, 24, 25, 26, 27, 28, 31, 33, 34, 35, 36, 37, 38, 39, 40, 43, 45, 46, 47, 48, 49, 50, 51, 52, 53, 54, 55, 56, 59, 74, 75, 76, 77, 78, 80, 83, 84, 104, 106, 107, 110, 111, 112, 113, 116, 117, 126, 128, 131, 132, 134, 135, 136, 137, 138, 139, 140, 142, 145, 146, 147, 148, 149, 151, 152, 153, 154, 155, 156, 158, 159, 161, 162, 163, 164, 165, 166, 167, 168, 169, 170, 171, 173, 175, 176, 177, 179, 180, 181, 182, 183, 184, 186, 187, 188, 189, 190, 191, 192, 193, 195, 196, 197, 198, 206, 215, 216, 217, 219], "excluded_lines": [], "start_line": 1}}}, "graph\\temporal\\__init__.py": {"executed_lines": [], "summary": {"covered_lines": 0, "num_statements": 0, "percent_covered": 100.0, "percent_covered_display": "100", "missing_lines": 0, "excluded_lines": 0, "percent_statements_covered": 100.0, "percent_statements_covered_display": "100"}, "missing_lines": [], "excluded_lines": [], "functions": {"": {"executed_lines": [], "summary": {"covered_lines": 0, "num_statements": 0, "percent_covered": 100.0, "percent_covered_display": "100", "missing_lines": 0, "excluded_lines": 0, "percent_statements_covered": 100.0, "percent_statements_covered_display": "100"}, "missing_lines": [], "excluded_lines": [], "start_line": 1}}, "classes": {"": {"executed_lines": [], "summary": {"covered_lines": 0, "num_statements": 0, "percent_covered": 100.0, "percent_covered_display": "100", "missing_lines": 0, "excluded_lines": 0, "percent_statements_covered": 100.0, "percent_statements_covered_display": "100"}, "missing_lines": [], "excluded_lines": [], "start_line": 1}}}, "graph\\temporal\\model.py": {"executed_lines": [23, 25, 26, 28, 29, 31, 32, 34, 35, 36, 38, 42, 43, 49, 59, 66, 67, 86, 113, 135, 151, 170], "summary": {"covered_lines": 22, "num_statements": 54, "percent_covered": 40.74074074074074, "percent_covered_display": "41", "missing_lines": 32, "excluded_lines": 0, "percent_statements_covered": 40.74074074074074, "percent_statements_covered_display": "41"}, "missing_lines": [33, 71, 72, 73, 74, 76, 79, 101, 103, 104, 105, 107, 110, 111, 130, 131, 132, 133, 142, 143, 144, 145, 156, 166, 167, 176, 177, 178, 184, 185, 186, 187], "excluded_lines": [], "functions": {"TemporalRiskGNN.__init__": {"executed_lines": [66, 67], "summary": {"covered_lines": 2, "num_statements": 8, "percent_covered": 25.0, "percent_covered_display": "25", "missing_lines": 6, "excluded_lines": 0, "percent_statements_covered": 25.0, "percent_statements_covered_display": "25"}, "missing_lines": [71, 72, 73, 74, 76, 79], "excluded_lines": [], "start_line": 59}, "TemporalRiskGNN.forward": {"executed_lines": [], "summary": {"covered_lines": 0, "num_statements": 7, "percent_covered": 0.0, "percent_covered_display": "0", "missing_lines": 7, "excluded_lines": 0, "percent_statements_covered": 0.0, "percent_statements_covered_display": "0"}, "missing_lines": [101, 103, 104, 105, 107, 110, 111], "excluded_lines": [], "start_line": 86}, "TemporalRiskGNN.reconstruction_error": {"executed_lines": [], "summary": {"covered_lines": 0, "num_statements": 4, "percent_covered": 0.0, "percent_covered_display": "0", "missing_lines": 4, "excluded_lines": 0, "percent_statements_covered": 0.0, "percent_statements_covered_display": "0"}, "missing_lines": [130, 131, 132, 133], "excluded_lines": [], "start_line": 113}, "TemporalRiskGNN.scalar_loss": {"executed_lines": [], "summary": {"covered_lines": 0, "num_statements": 4, "percent_covered": 0.0, "percent_covered_display": "0", "missing_lines": 4, "excluded_lines": 0, "percent_statements_covered": 0.0, "percent_statements_covered_display": "0"}, "missing_lines": [142, 143, 144, 145], "excluded_lines": [], "start_line": 135}, "save_checkpoint": {"executed_lines": [], "summary": {"covered_lines": 0, "num_statements": 3, "percent_covered": 0.0, "percent_covered_display": "0", "missing_lines": 3, "excluded_lines": 0, "percent_statements_covered": 0.0, "percent_statements_covered_display": "0"}, "missing_lines": [156, 166, 167], "excluded_lines": [], "start_line": 151}, "load_checkpoint": {"executed_lines": [], "summary": {"covered_lines": 0, "num_statements": 7, "percent_covered": 0.0, "percent_covered_display": "0", "missing_lines": 7, "excluded_lines": 0, "percent_statements_covered": 0.0, "percent_statements_covered_display": "0"}, "missing_lines": [176, 177, 178, 184, 185, 186, 187], "excluded_lines": [], "start_line": 170}, "": {"executed_lines": [23, 25, 26, 28, 29, 31, 32, 34, 35, 36, 38, 42, 43, 49, 59, 86, 113, 135, 151, 170], "summary": {"covered_lines": 20, "num_statements": 21, "percent_covered": 95.23809523809524, "percent_covered_display": "95", "missing_lines": 1, "excluded_lines": 0, "percent_statements_covered": 95.23809523809524, "percent_statements_covered_display": "95"}, "missing_lines": [33], "excluded_lines": [], "start_line": 1}}, "classes": {"TemporalRiskGNN": {"executed_lines": [66, 67], "summary": {"covered_lines": 2, "num_statements": 23, "percent_covered": 8.695652173913043, "percent_covered_display": "9", "missing_lines": 21, "excluded_lines": 0, "percent_statements_covered": 8.695652173913043, "percent_statements_covered_display": "9"}, "missing_lines": [71, 72, 73, 74, 76, 79, 101, 103, 104, 105, 107, 110, 111, 130, 131, 132, 133, 142, 143, 144, 145], "excluded_lines": [], "start_line": 49}, "": {"executed_lines": [23, 25, 26, 28, 29, 31, 32, 34, 35, 36, 38, 42, 43, 49, 59, 86, 113, 135, 151, 170], "summary": {"covered_lines": 20, "num_statements": 31, "percent_covered": 64.51612903225806, "percent_covered_display": "65", "missing_lines": 11, "excluded_lines": 0, "percent_statements_covered": 64.51612903225806, "percent_statements_covered_display": "65"}, "missing_lines": [33, 156, 166, 167, 176, 177, 178, 184, 185, 186, 187], "excluded_lines": [], "start_line": 1}}}, "graph\\temporal\\scorer.py": {"executed_lines": [], "summary": {"covered_lines": 0, "num_statements": 120, "percent_covered": 0.0, "percent_covered_display": "0", "missing_lines": 120, "excluded_lines": 0, "percent_statements_covered": 0.0, "percent_statements_covered_display": "0"}, "missing_lines": [27, 29, 30, 31, 32, 33, 34, 35, 37, 39, 41, 43, 44, 45, 46, 49, 50, 51, 52, 53, 54, 57, 58, 59, 60, 61, 65, 68, 78, 80, 85, 86, 87, 97, 99, 100, 101, 103, 104, 105, 107, 108, 109, 110, 111, 114, 135, 136, 137, 139, 140, 141, 142, 144, 148, 154, 155, 156, 159, 160, 162, 163, 164, 166, 168, 172, 173, 174, 175, 176, 185, 187, 188, 193, 196, 203, 204, 206, 207, 208, 209, 211, 214, 215, 216, 217, 220, 223, 224, 225, 226, 227, 238, 240, 241, 242, 246, 249, 251, 253, 254, 256, 257, 258, 287, 293, 294, 296, 297, 298, 299, 300, 302, 303, 304, 305, 306, 307, 310, 311], "excluded_lines": [], "functions": {"_tier": {"executed_lines": [], "summary": {"covered_lines": 0, "num_statements": 5, "percent_covered": 0.0, "percent_covered_display": "0", "missing_lines": 5, "excluded_lines": 0, "percent_statements_covered": 0.0, "percent_statements_covered_display": "0"}, "missing_lines": [50, 51, 52, 53, 54], "excluded_lines": [], "start_line": 49}, "_latest_checkpoint": {"executed_lines": [], "summary": {"covered_lines": 0, "num_statements": 5, "percent_covered": 0.0, "percent_covered_display": "0", "missing_lines": 5, "excluded_lines": 0, "percent_statements_covered": 0.0, "percent_statements_covered_display": "0"}, "missing_lines": [58, 59, 60, 61, 65], "excluded_lines": [], "start_line": 57}, "_compute_trend_slopes": {"executed_lines": [], "summary": {"covered_lines": 0, "num_statements": 17, "percent_covered": 0.0, "percent_covered_display": "0", "missing_lines": 17, "excluded_lines": 0, "percent_statements_covered": 0.0, "percent_statements_covered_display": "0"}, "missing_lines": [78, 80, 85, 86, 87, 97, 99, 100, 101, 103, 104, 105, 107, 108, 109, 110, 111], "excluded_lines": [], "start_line": 68}, "score": {"executed_lines": [], "summary": {"covered_lines": 0, "num_statements": 51, "percent_covered": 0.0, "percent_covered_display": "0", "missing_lines": 51, "excluded_lines": 0, "percent_statements_covered": 0.0, "percent_statements_covered_display": "0"}, "missing_lines": [135, 136, 137, 139, 140, 141, 142, 144, 148, 154, 155, 156, 159, 160, 162, 163, 164, 166, 168, 172, 173, 174, 175, 176, 185, 187, 188, 193, 196, 203, 204, 206, 207, 208, 209, 211, 214, 215, 216, 217, 220, 223, 224, 225, 226, 227, 238, 240, 241, 242, 246], "excluded_lines": [], "start_line": 114}, "_write_scores": {"executed_lines": [], "summary": {"covered_lines": 0, "num_statements": 7, "percent_covered": 0.0, "percent_covered_display": "0", "missing_lines": 7, "excluded_lines": 0, "percent_statements_covered": 0.0, "percent_statements_covered_display": "0"}, "missing_lines": [251, 253, 254, 256, 257, 258, 287], "excluded_lines": [], "start_line": 249}, "main": {"executed_lines": [], "summary": {"covered_lines": 0, "num_statements": 12, "percent_covered": 0.0, "percent_covered_display": "0", "missing_lines": 12, "excluded_lines": 0, "percent_statements_covered": 0.0, "percent_statements_covered_display": "0"}, "missing_lines": [294, 296, 297, 298, 299, 300, 302, 303, 304, 305, 306, 307], "excluded_lines": [], "start_line": 293}, "": {"executed_lines": [], "summary": {"covered_lines": 0, "num_statements": 23, "percent_covered": 0.0, "percent_covered_display": "0", "missing_lines": 23, "excluded_lines": 0, "percent_statements_covered": 0.0, "percent_statements_covered_display": "0"}, "missing_lines": [27, 29, 30, 31, 32, 33, 34, 35, 37, 39, 41, 43, 44, 45, 46, 49, 57, 68, 114, 249, 293, 310, 311], "excluded_lines": [], "start_line": 1}}, "classes": {"": {"executed_lines": [], "summary": {"covered_lines": 0, "num_statements": 120, "percent_covered": 0.0, "percent_covered_display": "0", "missing_lines": 120, "excluded_lines": 0, "percent_statements_covered": 0.0, "percent_statements_covered_display": "0"}, "missing_lines": [27, 29, 30, 31, 32, 33, 34, 35, 37, 39, 41, 43, 44, 45, 46, 49, 50, 51, 52, 53, 54, 57, 58, 59, 60, 61, 65, 68, 78, 80, 85, 86, 87, 97, 99, 100, 101, 103, 104, 105, 107, 108, 109, 110, 111, 114, 135, 136, 137, 139, 140, 141, 142, 144, 148, 154, 155, 156, 159, 160, 162, 163, 164, 166, 168, 172, 173, 174, 175, 176, 185, 187, 188, 193, 196, 203, 204, 206, 207, 208, 209, 211, 214, 215, 216, 217, 220, 223, 224, 225, 226, 227, 238, 240, 241, 242, 246, 249, 251, 253, 254, 256, 257, 258, 287, 293, 294, 296, 297, 298, 299, 300, 302, 303, 304, 305, 306, 307, 310, 311], "excluded_lines": [], "start_line": 1}}}, "graph\\temporal\\sequence_builder.py": {"executed_lines": [26, 28, 29, 30, 31, 32, 33, 35, 37, 39, 41, 43, 49, 50, 62, 63, 64, 65, 66, 72, 85, 86, 87, 88, 90, 91, 92, 93, 94, 95, 96, 97, 98, 99, 101, 104, 114, 115, 116, 117, 118, 119, 120, 121, 122, 124, 125, 127, 136], "summary": {"covered_lines": 49, "num_statements": 80, "percent_covered": 61.25, "percent_covered_display": "61", "missing_lines": 31, "excluded_lines": 0, "percent_statements_covered": 61.25, "percent_statements_covered_display": "61"}, "missing_lines": [157, 159, 164, 165, 168, 177, 179, 180, 185, 187, 190, 200, 201, 202, 203, 207, 208, 209, 210, 219, 222, 223, 224, 226, 227, 228, 232, 242, 250, 251, 255], "excluded_lines": [], "functions": {"_build_x": {"executed_lines": [85, 86, 87, 88, 90, 91, 92, 93, 94, 95, 96, 97, 98, 99, 101], "summary": {"covered_lines": 15, "num_statements": 15, "percent_covered": 100.0, "percent_covered_display": "100", "missing_lines": 0, "excluded_lines": 0, "percent_statements_covered": 100.0, "percent_statements_covered_display": "100"}, "missing_lines": [], "excluded_lines": [], "start_line": 72}, "_build_edge_index": {"executed_lines": [114, 115, 116, 117, 118, 119, 120, 121, 122, 124, 125, 127], "summary": {"covered_lines": 12, "num_statements": 12, "percent_covered": 100.0, "percent_covered_display": "100", "missing_lines": 0, "excluded_lines": 0, "percent_statements_covered": 100.0, "percent_statements_covered_display": "100"}, "missing_lines": [], "excluded_lines": [], "start_line": 104}, "build_snapshot_sequence": {"executed_lines": [], "summary": {"covered_lines": 0, "num_statements": 31, "percent_covered": 0.0, "percent_covered_display": "0", "missing_lines": 31, "excluded_lines": 0, "percent_statements_covered": 0.0, "percent_statements_covered_display": "0"}, "missing_lines": [157, 159, 164, 165, 168, 177, 179, 180, 185, 187, 190, 200, 201, 202, 203, 207, 208, 209, 210, 219, 222, 223, 224, 226, 227, 228, 232, 242, 250, 251, 255], "excluded_lines": [], "start_line": 136}, "": {"executed_lines": [26, 28, 29, 30, 31, 32, 33, 35, 37, 39, 41, 43, 49, 50, 62, 63, 64, 65, 66, 72, 104, 136], "summary": {"covered_lines": 22, "num_statements": 22, "percent_covered": 100.0, "percent_covered_display": "100", "missing_lines": 0, "excluded_lines": 0, "percent_statements_covered": 100.0, "percent_statements_covered_display": "100"}, "missing_lines": [], "excluded_lines": [], "start_line": 1}}, "classes": {"TemporalSnapshot": {"executed_lines": [], "summary": {"covered_lines": 0, "num_statements": 0, "percent_covered": 100.0, "percent_covered_display": "100", "missing_lines": 0, "excluded_lines": 0, "percent_statements_covered": 100.0, "percent_statements_covered_display": "100"}, "missing_lines": [], "excluded_lines": [], "start_line": 50}, "": {"executed_lines": [26, 28, 29, 30, 31, 32, 33, 35, 37, 39, 41, 43, 49, 50, 62, 63, 64, 65, 66, 72, 85, 86, 87, 88, 90, 91, 92, 93, 94, 95, 96, 97, 98, 99, 101, 104, 114, 115, 116, 117, 118, 119, 120, 121, 122, 124, 125, 127, 136], "summary": {"covered_lines": 49, "num_statements": 80, "percent_covered": 61.25, "percent_covered_display": "61", "missing_lines": 31, "excluded_lines": 0, "percent_statements_covered": 61.25, "percent_statements_covered_display": "61"}, "missing_lines": [157, 159, 164, 165, 168, 177, 179, 180, 185, 187, 190, 200, 201, 202, 203, 207, 208, 209, 210, 219, 222, 223, 224, 226, 227, 228, 232, 242, 250, 251, 255], "excluded_lines": [], "start_line": 1}}}, "graph\\temporal\\trainer.py": {"executed_lines": [], "summary": {"covered_lines": 0, "num_statements": 107, "percent_covered": 0.0, "percent_covered_display": "0", "missing_lines": 107, "excluded_lines": 0, "percent_statements_covered": 0.0, "percent_statements_covered_display": "0"}, "missing_lines": [29, 31, 32, 33, 34, 35, 36, 39, 41, 45, 46, 47, 48, 49, 50, 51, 52, 53, 54, 55, 61, 63, 64, 76, 93, 94, 95, 98, 99, 101, 105, 111, 112, 116, 117, 121, 122, 123, 125, 129, 131, 138, 140, 141, 142, 143, 145, 147, 148, 150, 151, 152, 154, 155, 156, 158, 159, 160, 161, 162, 163, 164, 166, 169, 170, 171, 172, 173, 174, 176, 177, 178, 180, 181, 182, 184, 186, 187, 192, 193, 194, 195, 196, 198, 199, 200, 201, 203, 204, 206, 212, 213, 214, 223, 225, 231, 232, 234, 235, 236, 237, 238, 240, 241, 242, 245, 246], "excluded_lines": [], "functions": {"_snapshots_to_tensors": {"executed_lines": [], "summary": {"covered_lines": 0, "num_statements": 2, "percent_covered": 0.0, "percent_covered_display": "0", "missing_lines": 2, "excluded_lines": 0, "percent_statements_covered": 0.0, "percent_statements_covered_display": "0"}, "missing_lines": [63, 64], "excluded_lines": [], "start_line": 61}, "train": {"executed_lines": [], "summary": {"covered_lines": 0, "num_statements": 71, "percent_covered": 0.0, "percent_covered_display": "0", "missing_lines": 71, "excluded_lines": 0, "percent_statements_covered": 0.0, "percent_statements_covered_display": "0"}, "missing_lines": [93, 94, 95, 98, 99, 101, 105, 111, 112, 116, 117, 121, 122, 123, 125, 129, 131, 138, 140, 141, 142, 143, 145, 147, 148, 150, 151, 152, 154, 155, 156, 158, 159, 160, 161, 162, 163, 164, 166, 169, 170, 171, 172, 173, 174, 176, 177, 178, 180, 181, 182, 184, 186, 187, 192, 193, 194, 195, 196, 198, 199, 200, 201, 203, 204, 206, 212, 213, 214, 223, 225], "excluded_lines": [], "start_line": 76}, "main": {"executed_lines": [], "summary": {"covered_lines": 0, "num_statements": 9, "percent_covered": 0.0, "percent_covered_display": "0", "missing_lines": 9, "excluded_lines": 0, "percent_statements_covered": 0.0, "percent_statements_covered_display": "0"}, "missing_lines": [232, 234, 235, 236, 237, 238, 240, 241, 242], "excluded_lines": [], "start_line": 231}, "": {"executed_lines": [], "summary": {"covered_lines": 0, "num_statements": 25, "percent_covered": 0.0, "percent_covered_display": "0", "missing_lines": 25, "excluded_lines": 0, "percent_statements_covered": 0.0, "percent_statements_covered_display": "0"}, "missing_lines": [29, 31, 32, 33, 34, 35, 36, 39, 41, 45, 46, 47, 48, 49, 50, 51, 52, 53, 54, 55, 61, 76, 231, 245, 246], "excluded_lines": [], "start_line": 1}}, "classes": {"": {"executed_lines": [], "summary": {"covered_lines": 0, "num_statements": 107, "percent_covered": 0.0, "percent_covered_display": "0", "missing_lines": 107, "excluded_lines": 0, "percent_statements_covered": 0.0, "percent_statements_covered_display": "0"}, "missing_lines": [29, 31, 32, 33, 34, 35, 36, 39, 41, 45, 46, 47, 48, 49, 50, 51, 52, 53, 54, 55, 61, 63, 64, 76, 93, 94, 95, 98, 99, 101, 105, 111, 112, 116, 117, 121, 122, 123, 125, 129, 131, 138, 140, 141, 142, 143, 145, 147, 148, 150, 151, 152, 154, 155, 156, 158, 159, 160, 161, 162, 163, 164, 166, 169, 170, 171, 172, 173, 174, 176, 177, 178, 180, 181, 182, 184, 186, 187, 192, 193, 194, 195, 196, 198, 199, 200, 201, 203, 204, 206, 212, 213, 214, 223, 225, 231, 232, 234, 235, 236, 237, 238, 240, 241, 242, 245, 246], "excluded_lines": [], "start_line": 1}}}, "ingestion\\__init__.py": {"executed_lines": [], "summary": {"covered_lines": 0, "num_statements": 0, "percent_covered": 100.0, "percent_covered_display": "100", "missing_lines": 0, "excluded_lines": 0, "percent_statements_covered": 100.0, "percent_statements_covered_display": "100"}, "missing_lines": [], "excluded_lines": [], "functions": {"": {"executed_lines": [], "summary": {"covered_lines": 0, "num_statements": 0, "percent_covered": 100.0, "percent_covered_display": "100", "missing_lines": 0, "excluded_lines": 0, "percent_statements_covered": 100.0, "percent_statements_covered_display": "100"}, "missing_lines": [], "excluded_lines": [], "start_line": 1}}, "classes": {"": {"executed_lines": [], "summary": {"covered_lines": 0, "num_statements": 0, "percent_covered": 100.0, "percent_covered_display": "100", "missing_lines": 0, "excluded_lines": 0, "percent_statements_covered": 100.0, "percent_statements_covered_display": "100"}, "missing_lines": [], "excluded_lines": [], "start_line": 1}}}, "ingestion\\connectors\\__init__.py": {"executed_lines": [], "summary": {"covered_lines": 0, "num_statements": 0, "percent_covered": 100.0, "percent_covered_display": "100", "missing_lines": 0, "excluded_lines": 0, "percent_statements_covered": 100.0, "percent_statements_covered_display": "100"}, "missing_lines": [], "excluded_lines": [], "functions": {"": {"executed_lines": [], "summary": {"covered_lines": 0, "num_statements": 0, "percent_covered": 100.0, "percent_covered_display": "100", "missing_lines": 0, "excluded_lines": 0, "percent_statements_covered": 100.0, "percent_statements_covered_display": "100"}, "missing_lines": [], "excluded_lines": [], "start_line": 1}}, "classes": {"": {"executed_lines": [], "summary": {"covered_lines": 0, "num_statements": 0, "percent_covered": 100.0, "percent_covered_display": "100", "missing_lines": 0, "excluded_lines": 0, "percent_statements_covered": 100.0, "percent_statements_covered_display": "100"}, "missing_lines": [], "excluded_lines": [], "start_line": 1}}}, "ingestion\\connectors\\confluence_connector.py": {"executed_lines": [], "summary": {"covered_lines": 0, "num_statements": 126, "percent_covered": 0.0, "percent_covered_display": "0", "missing_lines": 126, "excluded_lines": 0, "percent_statements_covered": 0.0, "percent_statements_covered_display": "0"}, "missing_lines": [23, 25, 26, 27, 28, 29, 31, 33, 35, 36, 37, 40, 48, 50, 51, 52, 53, 54, 59, 62, 66, 67, 68, 71, 76, 78, 79, 80, 81, 82, 86, 87, 88, 89, 93, 99, 103, 109, 110, 112, 114, 119, 120, 121, 123, 124, 125, 126, 128, 130, 134, 135, 136, 139, 140, 141, 143, 144, 145, 146, 147, 149, 151, 152, 153, 154, 155, 156, 158, 160, 161, 162, 163, 164, 165, 166, 167, 168, 170, 172, 173, 174, 176, 178, 180, 184, 185, 186, 188, 189, 190, 191, 192, 196, 205, 206, 210, 212, 213, 218, 219, 220, 221, 222, 224, 225, 227, 231, 232, 234, 235, 237, 242, 243, 246, 247, 249, 250, 251, 275, 276, 277, 278, 281, 283, 287], "excluded_lines": [], "functions": {"ConfluenceConnector.__init__": {"executed_lines": [], "summary": {"covered_lines": 0, "num_statements": 6, "percent_covered": 0.0, "percent_covered_display": "0", "missing_lines": 6, "excluded_lines": 0, "percent_statements_covered": 0.0, "percent_statements_covered_display": "0"}, "missing_lines": [51, 52, 53, 54, 59, 62], "excluded_lines": [], "start_line": 50}, "ConfluenceConnector._headers": {"executed_lines": [], "summary": {"covered_lines": 0, "num_statements": 3, "percent_covered": 0.0, "percent_covered_display": "0", "missing_lines": 3, "excluded_lines": 0, "percent_statements_covered": 0.0, "percent_statements_covered_display": "0"}, "missing_lines": [67, 68, 71], "excluded_lines": [], "start_line": 66}, "ConfluenceConnector.health_check": {"executed_lines": [], "summary": {"covered_lines": 0, "num_statements": 9, "percent_covered": 0.0, "percent_covered_display": "0", "missing_lines": 9, "excluded_lines": 0, "percent_statements_covered": 0.0, "percent_statements_covered_display": "0"}, "missing_lines": [78, 79, 80, 81, 82, 86, 87, 88, 89], "excluded_lines": [], "start_line": 76}, "ConfluenceConnector._fetch_pages": {"executed_lines": [], "summary": {"covered_lines": 0, "num_statements": 26, "percent_covered": 0.0, "percent_covered_display": "0", "missing_lines": 26, "excluded_lines": 0, "percent_statements_covered": 0.0, "percent_statements_covered_display": "0"}, "missing_lines": [99, 103, 109, 110, 112, 114, 119, 120, 121, 123, 124, 125, 126, 128, 130, 134, 135, 136, 139, 140, 141, 143, 144, 145, 146, 147], "excluded_lines": [], "start_line": 93}, "ConfluenceConnector._fetch_page_labels": {"executed_lines": [], "summary": {"covered_lines": 0, "num_statements": 6, "percent_covered": 0.0, "percent_covered_display": "0", "missing_lines": 6, "excluded_lines": 0, "percent_statements_covered": 0.0, "perce
[...]
": 0, "percent_statements_covered": 0.0, "percent_statements_covered_display": "0"}, "missing_lines": [133, 152, 153, 154, 159], "excluded_lines": [], "start_line": 122}, "compute_entropy_trends": {"executed_lines": [], "summary": {"covered_lines": 0, "num_statements": 5, "percent_covered": 0.0, "percent_covered_display": "0", "missing_lines": 5, "excluded_lines": 0, "percent_statements_covered": 0.0, "percent_statements_covered_display": "0"}, "missing_lines": [178, 180, 181, 182, 184], "excluded_lines": [], "start_line": 162}, "extract_features": {"executed_lines": [], "summary": {"covered_lines": 0, "num_statements": 23, "percent_covered": 0.0, "percent_covered_display": "0", "missing_lines": 23, "excluded_lines": 0, "percent_statements_covered": 0.0, "percent_statements_covered_display": "0"}, "missing_lines": [212, 213, 215, 216, 217, 225, 227, 235, 237, 239, 240, 244, 246, 251, 256, 257, 258, 259, 261, 267, 268, 270, 274], "excluded_lines": [], "start_line": 192}, "main": {"executed_lines": [], "summary": {"covered_lines": 0, "num_statements": 11, "percent_covered": 0.0, "percent_covered_display": "0", "missing_lines": 11, "excluded_lines": 0, "percent_statements_covered": 0.0, "percent_statements_covered_display": "0"}, "missing_lines": [281, 283, 284, 285, 289, 291, 292, 293, 294, 295, 296], "excluded_lines": [], "start_line": 280}, "": {"executed_lines": [22, 23, 24, 25, 26, 27, 28, 30, 32, 34, 36, 39, 45, 67, 84, 122, 162, 192, 280, 302], "summary": {"covered_lines": 20, "num_statements": 21, "percent_covered": 95.23809523809524, "percent_covered_display": "95", "missing_lines": 1, "excluded_lines": 0, "percent_statements_covered": 95.23809523809524, "percent_statements_covered_display": "95"}, "missing_lines": [303], "excluded_lines": [], "start_line": 1}}, "classes": {"": {"executed_lines": [22, 23, 24, 25, 26, 27, 28, 30, 32, 34, 36, 39, 45, 55, 56, 57, 58, 60, 67, 77, 78, 79, 80, 81, 84, 103, 104, 105, 107, 122, 162, 192, 280, 302], "summary": {"covered_lines": 34, "num_statements": 80, "percent_covered": 42.5, "percent_covered_display": "42", "missing_lines": 46, "excluded_lines": 0, "percent_statements_covered": 42.5, "percent_statements_covered_display": "42"}, "missing_lines": [59, 133, 152, 153, 154, 159, 178, 180, 181, 182, 184, 212, 213, 215, 216, 217, 225, 227, 235, 237, 239, 240, 244, 246, 251, 256, 257, 258, 259, 261, 267, 268, 270, 274, 281, 283, 284, 285, 289, 291, 292, 293, 294, 295, 296, 303], "excluded_lines": [], "start_line": 1}}}, "ml\\gnn\\__init__.py": {"executed_lines": [], "summary": {"covered_lines": 0, "num_statements": 0, "percent_covered": 100.0, "percent_covered_display": "100", "missing_lines": 0, "excluded_lines": 0, "percent_statements_covered": 100.0, "percent_statements_covered_display": "100"}, "missing_lines": [], "excluded_lines": [], "functions": {"": {"executed_lines": [], "summary": {"covered_lines": 0, "num_statements": 0, "percent_covered": 100.0, "percent_covered_display": "100", "missing_lines": 0, "excluded_lines": 0, "percent_statements_covered": 100.0, "percent_statements_covered_display": "100"}, "missing_lines": [], "excluded_lines": [], "start_line": 1}}, "classes": {"": {"executed_lines": [], "summary": {"covered_lines": 0, "num_statements": 0, "percent_covered": 100.0, "percent_covered_display": "100", "missing_lines": 0, "excluded_lines": 0, "percent_statements_covered": 100.0, "percent_statements_covered_display": "100"}, "missing_lines": [], "excluded_lines": [], "start_line": 1}}}, "ml\\gnn\\feature_builder.py": {"executed_lines": [27, 29, 30, 31, 32, 33, 35, 37, 39, 43, 45, 46, 47, 48, 54, 55, 58, 74, 75, 77, 78, 81, 82, 83, 85, 86, 87, 88, 90, 91, 92, 95, 96, 97, 98, 99, 100, 101, 102, 103, 105, 108, 122, 123, 124, 125, 126, 127, 128, 129, 130, 132, 133, 135, 136, 137, 140, 152, 153, 154, 155, 156, 157, 163], "summary": {"covered_lines": 64, "num_statements": 89, "percent_covered": 71.91011235955057, "percent_covered_display": "72", "missing_lines": 25, "excluded_lines": 0, "percent_statements_covered": 71.91011235955057, "percent_statements_covered_display": "72"}, "missing_lines": [191, 192, 194, 196, 197, 199, 212, 224, 233, 236, 237, 238, 247, 249, 250, 251, 261, 262, 264, 265, 267, 268, 269, 271, 278], "excluded_lines": [], "functions": {"_safe_div": {"executed_lines": [55], "summary": {"covered_lines": 1, "num_statements": 1, "percent_covered": 100.0, "percent_covered_display": "100", "missing_lines": 0, "excluded_lines": 0, "percent_statements_covered": 100.0, "percent_statements_covered_display": "100"}, "missing_lines": [], "excluded_lines": [], "start_line": 54}, "_build_node_features": {"executed_lines": [74, 75, 77, 78, 81, 82, 83, 85, 86, 87, 88, 90, 91, 92, 95, 96, 97, 98, 99, 100, 101, 102, 103, 105], "summary": {"covered_lines": 24, "num_statements": 24, "percent_covered": 100.0, "percent_covered_display": "100", "missing_lines": 0, "excluded_lines": 0, "percent_statements_covered": 100.0, "percent_statements_covered_display": "100"}, "missing_lines": [], "excluded_lines": [], "start_line": 58}, "_build_edge_index": {"executed_lines": [122, 123, 124, 125, 126, 127, 128, 129, 130, 132, 133, 135, 136, 137], "summary": {"covered_lines": 14, "num_statements": 14, "percent_covered": 100.0, "percent_covered_display": "100", "missing_lines": 0, "excluded_lines": 0, "percent_statements_covered": 100.0, "percent_statements_covered_display": "100"}, "missing_lines": [], "excluded_lines": [], "start_line": 108}, "_build_labels": {"executed_lines": [152, 153, 154, 155, 156, 157], "summary": {"covered_lines": 6, "num_statements": 6, "percent_covered": 100.0, "percent_covered_display": "100", "missing_lines": 0, "excluded_lines": 0, "percent_statements_covered": 100.0, "percent_statements_covered_display": "100"}, "missing_lines": [], "excluded_lines": [], "start_line": 140}, "build_graph_data": {"executed_lines": [], "summary": {"covered_lines": 0, "num_statements": 25, "percent_covered": 0.0, "percent_covered_display": "0", "missing_lines": 25, "excluded_lines": 0, "percent_statements_covered": 0.0, "percent_statements_covered_display": "0"}, "missing_lines": [191, 192, 194, 196, 197, 199, 212, 224, 233, 236, 237, 238, 247, 249, 250, 251, 261, 262, 264, 265, 267, 268, 269, 271, 278], "excluded_lines": [], "start_line": 163}, "": {"executed_lines": [27, 29, 30, 31, 32, 33, 35, 37, 39, 43, 45, 46, 47, 48, 54, 58, 108, 140, 163], "summary": {"covered_lines": 19, "num_statements": 19, "percent_covered": 100.0, "percent_covered_display": "100", "missing_lines": 0, "excluded_lines": 0, "percent_statements_covered": 100.0, "percent_statements_covered_display": "100"}, "missing_lines": [], "excluded_lines": [], "start_line": 1}}, "classes": {"": {"executed_lines": [27, 29, 30, 31, 32, 33, 35, 37, 39, 43, 45, 46, 47, 48, 54, 55, 58, 74, 75, 77, 78, 81, 82, 83, 85, 86, 87, 88, 90, 91, 92, 95, 96, 97, 98, 99, 100, 101, 102, 103, 105, 108, 122, 123, 124, 125, 126, 127, 128, 129, 130, 132, 133, 135, 136, 137, 140, 152, 153, 154, 155, 156, 157, 163], "summary": {"covered_lines": 64, "num_statements": 89, "percent_covered": 71.91011235955057, "percent_covered_display": "72", "missing_lines": 25, "excluded_lines": 0, "percent_statements_covered": 71.91011235955057, "percent_statements_covered_display": "72"}, "missing_lines": [191, 192, 194, 196, 197, 199, 212, 224, 233, 236, 237, 238, 247, 249, 250, 251, 261, 262, 264, 265, 267, 268, 269, 271, 278], "excluded_lines": [], "start_line": 1}}}, "ml\\gnn\\model.py": {"executed_lines": [18, 20, 21, 23, 24, 25, 27, 28, 30, 31, 32, 34, 38, 39, 40, 46, 56, 63, 64, 98, 143, 163], "summary": {"covered_lines": 22, "num_statements": 50, "percent_covered": 44.0, "percent_covered_display": "44", "missing_lines": 28, "excluded_lines": 0, "percent_statements_covered": 44.0, "percent_statements_covered_display": "44"}, "missing_lines": [29, 68, 70, 73, 82, 91, 122, 124, 125, 128, 129, 130, 131, 132, 134, 135, 136, 137, 149, 159, 160, 169, 170, 171, 177, 178, 179, 180], "excluded_lines": [], "functions": {"ChurnGAT.__init__": {"executed_lines": [63, 64], "summary": {"covered_lines": 2, "num_statements": 7, "percent_covered": 28.571428571428573, "percent_covered_display": "29", "missing_lines": 5, "excluded_lines": 0, "percent_statements_covered": 28.571428571428573, "percent_statements_covered_display": "29"}, "missing_lines": [68, 70, 73, 82, 91], "excluded_lines": [], "start_line": 56}, "ChurnGAT.forward": {"executed_lines": [], "summary": {"covered_lines": 0, "num_statements": 12, "percent_covered": 0.0, "percent_covered_display": "0", "missing_lines": 12, "excluded_lines": 0, "percent_statements_covered": 0.0, "percent_statements_covered_display": "0"}, "missing_lines": [122, 124, 125, 128, 129, 130, 131, 132, 134, 135, 136, 137], "excluded_lines": [], "start_line": 98}, "save_checkpoint": {"executed_lines": [], "summary": {"covered_lines": 0, "num_statements": 3, "percent_covered": 0.0, "percent_covered_display": "0", "missing_lines": 3, "excluded_lines": 0, "percent_statements_covered": 0.0, "percent_statements_covered_display": "0"}, "missing_lines": [149, 159, 160], "excluded_lines": [], "start_line": 143}, "load_checkpoint": {"executed_lines": [], "summary": {"covered_lines": 0, "num_statements": 7, "percent_covered": 0.0, "percent_covered_display": "0", "missing_lines": 7, "excluded_lines": 0, "percent_statements_covered": 0.0, "percent_statements_covered_display": "0"}, "missing_lines": [169, 170, 171, 177, 178, 179, 180], "excluded_lines": [], "start_line": 163}, "": {"executed_lines": [18, 20, 21, 23, 24, 25, 27, 28, 30, 31, 32, 34, 38, 39, 40, 46, 56, 98, 143, 163], "summary": {"covered_lines": 20, "num_statements": 21, "percent_covered": 95.23809523809524, "percent_covered_display": "95", "missing_lines": 1, "excluded_lines": 0, "percent_statements_covered": 95.23809523809524, "percent_statements_covered_display": "95"}, "missing_lines": [29], "excluded_lines": [], "start_line": 1}}, "classes": {"ChurnGAT": {"executed_lines": [63, 64], "summary": {"covered_lines": 2, "num_statements": 19, "percent_covered": 10.526315789473685, "percent_covered_display": "11", "missing_lines": 17, "excluded_lines": 0, "percent_statements_covered": 10.526315789473685, "percent_statements_covered_display": "11"}, "missing_lines": [68, 70, 73, 82, 91, 122, 124, 125, 128, 129, 130, 131, 132, 134, 135, 136, 137], "excluded_lines": [], "start_line": 46}, "": {"executed_lines": [18, 20, 21, 23, 24, 25, 27, 28, 30, 31, 32, 34, 38, 39, 40, 46, 56, 98, 143, 163], "summary": {"covered_lines": 20, "num_statements": 31, "percent_covered": 64.51612903225806, "percent_covered_display": "65", "missing_lines": 11, "excluded_lines": 0, "percent_statements_covered": 64.51612903225806, "percent_statements_covered_display": "65"}, "missing_lines": [29, 149, 159, 160, 169, 170, 171, 177, 178, 179, 180], "excluded_lines": [], "start_line": 1}}}, "ml\\gnn\\scorer.py": {"executed_lines": [], "summary": {"covered_lines": 0, "num_statements": 98, "percent_covered": 0.0, "percent_covered_display": "0", "missing_lines": 98, "excluded_lines": 2, "percent_statements_covered": 0.0, "percent_statements_covered_display": "0"}, "missing_lines": [20, 22, 23, 24, 25, 26, 27, 28, 30, 32, 34, 36, 37, 38, 40, 43, 44, 45, 46, 47, 48, 51, 74, 75, 76, 77, 78, 80, 81, 82, 83, 84, 86, 87, 88, 89, 94, 97, 99, 100, 101, 102, 106, 109, 126, 127, 128, 130, 131, 133, 134, 136, 139, 141, 142, 143, 145, 146, 147, 149, 150, 151, 152, 155, 156, 157, 158, 164, 165, 166, 167, 168, 178, 179, 187, 190, 192, 194, 196, 197, 199, 200, 201, 226, 232, 233, 235, 236, 237, 238, 239, 241, 242, 243, 244, 245, 248, 249], "excluded_lines": [161, 162], "functions": {"_tier": {"executed_lines": [], "summary": {"covered_lines": 0, "num_statements": 5, "percent_covered": 0.0, "percent_covered_display": "0", "missing_lines": 5, "excluded_lines": 0, "percent_statements_covered": 0.0, "percent_statements_covered_display": "0"}, "missing_lines": [44, 45, 46, 47, 48], "excluded_lines": [], "start_line": 43}, "_top_influence_neighbors": {"executed_lines": [], "summary": {"covered_lines": 0, "num_statements": 15, "percent_covered": 0.0, "percent_covered_display": "0", "missing_lines": 15, "excluded_lines": 0, "percent_statements_covered": 0.0, "percent_statements_covered_display": "0"}, "missing_lines": [74, 75, 76, 77, 78, 80, 81, 82, 83, 84, 86, 87, 88, 89, 94], "excluded_lines": [], "start_line": 51}, "_latest_checkpoint": {"executed_lines": [], "summary": {"covered_lines": 0, "num_statements": 5, "percent_covered": 0.0, "percent_covered_display": "0", "missing_lines": 5, "excluded_lines": 0, "percent_statements_covered": 0.0, "percent_statements_covered_display": "0"}, "missing_lines": [99, 100, 101, 102, 106], "excluded_lines": [], "start_line": 97}, "score": {"executed_lines": [], "summary": {"covered_lines": 0, "num_statements": 31, "percent_covered": 0.0, "percent_covered_display": "0", "missing_lines": 31, "excluded_lines": 2, "percent_statements_covered": 0.0, "percent_statements_covered_display": "0"}, "missing_lines": [126, 127, 128, 130, 131, 133, 134, 136, 139, 141, 142, 143, 145, 146, 147, 149, 150, 151, 152, 155, 156, 157, 158, 164, 165, 166, 167, 168, 178, 179, 187], "excluded_lines": [161, 162], "start_line": 109}, "_write_scores": {"executed_lines": [], "summary": {"covered_lines": 0, "num_statements": 8, "percent_covered": 0.0, "percent_covered_display": "0", "missing_lines": 8, "excluded_lines": 0, "percent_statements_covered": 0.0, "percent_statements_covered_display": "0"}, "missing_lines": [192, 194, 196, 197, 199, 200, 201, 226], "excluded_lines": [], "start_line": 190}, "main": {"executed_lines": [], "summary": {"covered_lines": 0, "num_statements": 11, "percent_covered": 0.0, "percent_covered_display": "0", "missing_lines": 11, "excluded_lines": 0, "percent_statements_covered": 0.0, "percent_statements_covered_display": "0"}, "missing_lines": [233, 235, 236, 237, 238, 239, 241, 242, 243, 244, 245], "excluded_lines": [], "start_line": 232}, "": {"executed_lines": [], "summary": {"covered_lines": 0, "num_statements": 23, "percent_covered": 0.0, "percent_covered_display": "0", "missing_lines": 23, "excluded_lines": 0, "percent_statements_covered": 0.0, "percent_statements_covered_display": "0"}, "missing_lines": [20, 22, 23, 24, 25, 26, 27, 28, 30, 32, 34, 36, 37, 38, 40, 43, 51, 97, 109, 190, 232, 248, 249], "excluded_lines": [], "start_line": 1}}, "classes": {"": {"executed_lines": [], "summary": {"covered_lines": 0, "num_statements": 98, "percent_covered": 0.0, "percent_covered_display": "0", "missing_lines": 98, "excluded_lines": 2, "percent_statements_covered": 0.0, "percent_statements_covered_display": "0"}, "missing_lines": [20, 22, 23, 24, 25, 26, 27, 28, 30, 32, 34, 36, 37, 38, 40, 43, 44, 45, 46, 47, 48, 51, 74, 75, 76, 77, 78, 80, 81, 82, 83, 84, 86, 87, 88, 89, 94, 97, 99, 100, 101, 102, 106, 109, 126, 127, 128, 130, 131, 133, 134, 136, 139, 141, 142, 143, 145, 146, 147, 149, 150, 151, 152, 155, 156, 157, 158, 164, 165, 166, 167, 168, 178, 179, 187, 190, 192, 194, 196, 197, 199, 200, 201, 226, 232, 233, 235, 236, 237, 238, 239, 241, 242, 243, 244, 245, 248, 249], "excluded_lines": [161, 162], "start_line": 1}}}, "ml\\gnn\\trainer.py": {"executed_lines": [28, 30, 31, 32, 33, 34, 35, 37, 39, 41, 45, 46, 47, 48, 49, 50, 51, 52, 53, 54, 55, 61, 80, 84, 87, 88, 90, 91, 92, 94, 95, 96, 98, 99, 100, 101, 107, 110, 111, 113, 114, 115, 116, 118, 119, 120, 121, 124, 125, 127, 133, 304, 317], "summary": {"covered_lines": 53, "num_statements": 147, "percent_covered": 36.054421768707485, "percent_covered_display": "36", "missing_lines": 94, "excluded_lines": 0, "percent_statements_covered": 36.054421768707485, "percent_statements_covered_display": "36"}, "missing_lines": [81, 82, 152, 153, 154, 156, 157, 159, 160, 162, 163, 164, 165, 172, 177, 181, 182, 183, 184, 186, 187, 188, 191, 192, 193, 194, 195, 196, 198, 199, 200, 201, 204, 205, 212, 215, 216, 217, 218, 220, 221, 223, 224, 225, 226, 228, 230, 231, 232, 233, 234, 235, 238, 239, 240, 241, 242, 244, 245, 247, 249, 250, 255, 256, 257, 258, 259, 261, 262, 263, 264, 267, 268, 270, 271, 272, 274, 275, 276, 278, 284, 285, 286, 296, 298, 305, 307, 308, 309, 310, 312, 313, 314, 318], "excluded_lines": [], "functions": {"_temporal_masks": {"executed_lines": [80, 84, 87, 88, 90, 91, 92, 94, 95, 96, 98, 99, 100, 101], "summary": {"covered_lines": 14, "num_statements": 16, "percent_covered": 87.5, "percent_covered_display": "88", "missing_lines": 2, "excluded_lines": 0, "percent_statements_covered": 87.5, "percent_statements_covered_display": "88"}, "missing_lines": [81, 82], "excluded_lines": [], "start_line": 61}, "_auroc": {"executed_lines": [110, 111, 113, 114, 115, 116, 118, 119, 120, 121, 124, 125, 127], "summary": {"covered_lines": 13, "num_statements": 13, "percent_covered": 100.0, "percent_covered_display": "100", "missing_lines": 0, "excluded_lines": 0, "percent_statements_covered": 100.0, "percent_statements_covered_display": "100"}, "missing_lines": [], "excluded_lines": [], "start_line": 107}, "train": {"executed_lines": [], "summary": {"covered_lines": 0, "num_statements": 83, "percent_covered": 0.0, "percent_covered_display": "0", "missing_lines": 83, "excluded_lines": 0, "percent_statements_covered": 0.0, "percent_statements_covered_display": "0"}, "missing_lines": [152, 153, 154, 156, 157, 159, 160, 162, 163, 164, 165, 172, 177, 181, 182, 183, 184, 186, 187, 188, 191, 192, 193, 194, 195, 196, 198, 199, 200, 201, 204, 205, 212, 215, 216, 217, 218, 220, 221, 223, 224, 225, 226, 228, 230, 231, 232, 233, 234, 235, 238, 239, 240, 241, 242, 244, 245, 247, 249, 250, 255, 256, 257, 258, 259, 261, 262, 263, 264, 267, 268, 270, 271, 272, 274, 275, 276, 278, 284, 285, 286, 296, 298], "excluded_lines": [], "start_line": 133}, "main": {"executed_lines": [], "summary": {"covered_lines": 0, "num_statements": 8, "percent_covered": 0.0, "percent_covered_display": "0", "missing_lines": 8, "excluded_lines": 0, "percent_statements_covered": 0.0, "percent_statements_covered_display": "0"}, "missing_lines": [305, 307, 308, 309, 310, 312, 313, 314], "excluded_lines": [], "start_line": 304}, "": {"executed_lines": [28, 30, 31, 32, 33, 34, 35, 37, 39, 41, 45, 46, 47, 48, 49, 50, 51, 52, 53, 54, 55, 61, 107, 133, 304, 317], "summary": {"covered_lines": 26, "num_statements": 27, "percent_covered": 96.29629629629629, "percent_covered_display": "96", "missing_lines": 1, "excluded_lines": 0, "percent_statements_covered": 96.29629629629629, "percent_statements_covered_display": "96"}, "missing_lines": [318], "excluded_lines": [], "start_line": 1}}, "classes": {"": {"executed_lines": [28, 30, 31, 32, 33, 34, 35, 37, 39, 41, 45, 46, 47, 48, 49, 50, 51, 52, 53, 54, 55, 61, 80, 84, 87, 88, 90, 91, 92, 94, 95, 96, 98, 99, 100, 101, 107, 110, 111, 113, 114, 115, 116, 118, 119, 120, 121, 124, 125, 127, 133, 304, 317], "summary": {"covered_lines": 53, "num_statements": 147, "percent_covered": 36.054421768707485, "percent_covered_display": "36", "missing_lines": 94, "excluded_lines": 0, "percent_statements_covered": 36.054421768707485, "percent_statements_covered_display": "36"}, "missing_lines": [81, 82, 152, 153, 154, 156, 157, 159, 160, 162, 163, 164, 165, 172, 177, 181, 182, 183, 184, 186, 187, 188, 191, 192, 193, 194, 195, 196, 198, 199, 200, 201, 204, 205, 212, 215, 216, 217, 218, 220, 221, 223, 224, 225, 226, 228, 230, 231, 232, 233, 234, 235, 238, 239, 240, 241, 242, 244, 245, 247, 249, 250, 255, 256, 257, 258, 259, 261, 262, 263, 264, 267, 268, 270, 271, 272, 274, 275, 276, 278, 284, 285, 286, 296, 298, 305, 307, 308, 309, 310, 312, 313, 314, 318], "excluded_lines": [], "start_line": 1}}}}, "totals": {"covered_lines": 1242, "num_statements": 3582, "percent_covered": 34.67336683417086, "percent_covered_display": "35", "missing_lines": 2340, "excluded_lines": 2, "percent_statements_covered": 34.67336683417086, "percent_statements_covered_display": "35"}}